# JRE version: OpenJDK Runtime Environment (8.0_242-b01) (build 1.8.0_242-release-1644-b01)
# Java VM: OpenJDK 64-Bit Server VM (25.242-b01 mixed mode windows-amd64 compressed oops)
Heap:
 PSYoungGen      total 143360K, used 18563K [0x00000000d5580000, 0x00000000ded80000, 0x0000000100000000)
  eden space 131072K, 4% used [0x00000000d5580000,0x00000000d5ba1168,0x00000000dd580000)
  from space 12288K, 99% used [0x00000000dd580000,0x00000000de17fae0,0x00000000de180000)
  to   space 11776K, 0% used [0x00000000de200000,0x00000000de200000,0x00000000ded80000)
 ParOldGen       total 55808K, used 8419K [0x0000000080000000, 0x0000000083680000, 0x00000000d5580000)
  object space 55808K, 15% used [0x0000000080000000,0x0000000080838c70,0x0000000083680000)
 Metaspace       used 32460K, capacity 33324K, committed 33456K, reserved 1077248K
  class space    used 4443K, capacity 4677K, committed 4784K, reserved 1048576K
GC Heap History (10 events):
Event: 1.574 GC heap before
{Heap before GC invocations=4 (full 0):
 PSYoungGen      total 37888K, used 37872K [0x00000000d5580000, 0x00000000d9f80000, 0x0000000100000000)
  eden space 32768K, 100% used [0x00000000d5580000,0x00000000d7580000,0x00000000d7580000)
  from space 5120K, 99% used [0x00000000d7580000,0x00000000d7a7c010,0x00000000d7a80000)
  to   space 5120K, 0% used [0x00000000d9a80000,0x00000000d9a80000,0x00000000d9f80000)
 ParOldGen       total 86016K, used 1210K [0x0000000080000000, 0x0000000085400000, 0x00000000d5580000)
  object space 86016K, 1% used [0x0000000080000000,0x000000008012e888,0x0000000085400000)
 Metaspace       used 15328K, capacity 15800K, committed 16128K, reserved 1062912K
  class space    used 2046K, capacity 2190K, committed 2304K, reserved 1048576K
Event: 1.580 GC heap after
Heap after GC invocations=4 (full 0):
 PSYoungGen      total 70656K, used 5104K [0x00000000d5580000, 0x00000000d9f80000, 0x0000000100000000)
  eden space 65536K, 0% used [0x00000000d5580000,0x00000000d5580000,0x00000000d9580000)
  from space 5120K, 99% used [0x00000000d9a80000,0x00000000d9f7c050,0x00000000d9f80000)
  to   space 5120K, 0% used [0x00000000d9580000,0x00000000d9580000,0x00000000d9a80000)
 ParOldGen       total 86016K, used 3842K [0x0000000080000000, 0x0000000085400000, 0x00000000d5580000)
  object space 86016K, 4% used [0x0000000080000000,0x00000000803c0be0,0x0000000085400000)
 Metaspace       used 15328K, capacity 15800K, committed 16128K, reserved 1062912K
  class space    used 2046K, capacity 2190K, committed 2304K, reserved 1048576K
}
Event: 2.183 GC heap before
{Heap before GC invocations=5 (full 0):
 PSYoungGen      total 70656K, used 70640K [0x00000000d5580000, 0x00000000d9f80000, 0x0000000100000000)
  eden space 65536K, 100% used [0x00000000d5580000,0x00000000d9580000,0x00000000d9580000)
  from space 5120K, 99% used [0x00000000d9a80000,0x00000000d9f7c050,0x00000000d9f80000)
  to   space 5120K, 0% used [0x00000000d9580000,0x00000000d9580000,0x00000000d9a80000)
 ParOldGen       total 86016K, used 3842K [0x0000000080000000, 0x0000000085400000, 0x00000000d5580000)
  object space 86016K, 4% used [0x0000000080000000,0x00000000803c0be0,0x0000000085400000)
 Metaspace       used 20520K, capacity 21240K, committed 21296K, reserved 1067008K
  class space    used 2876K, capacity 3088K, committed 3120K, reserved 1048576K
Event: 2.207 GC heap after
Heap after GC invocations=5 (full 0):
 PSYoungGen      total 70656K, used 5092K [0x00000000d5580000, 0x00000000dee80000, 0x0000000100000000)
  eden space 65536K, 0% used [0x00000000d5580000,0x00000000d5580000,0x00000000d9580000)
  from space 5120K, 99% used [0x00000000d9580000,0x00000000d9a79050,0x00000000d9a80000)
  to   space 12800K, 0% used [0x00000000de200000,0x00000000de200000,0x00000000dee80000)
 ParOldGen       total 86016K, used 10526K [0x0000000080000000, 0x0000000085400000, 0x00000000d5580000)
  object space 86016K, 12% used [0x0000000080000000,0x0000000080a479f0,0x0000000085400000)
 Metaspace       used 20520K, capacity 21240K, committed 21296K, reserved 1067008K
  class space    used 2876K, capacity 3088K, committed 3120K, reserved 1048576K
}
Event: 2.246 GC heap before
{Heap before GC invocations=6 (full 0):
 PSYoungGen      total 70656K, used 8856K [0x00000000d5580000, 0x00000000dee80000, 0x0000000100000000)
  eden space 65536K, 5% used [0x00000000d5580000,0x00000000d592d1d0,0x00000000d9580000)
  from space 5120K, 99% used [0x00000000d9580000,0x00000000d9a79050,0x00000000d9a80000)
  to   space 12800K, 0% used [0x00000000de200000,0x00000000de200000,0x00000000dee80000)
 ParOldGen       total 86016K, used 10526K [0x0000000080000000, 0x0000000085400000, 0x00000000d5580000)
  object space 86016K, 12% used [0x0000000080000000,0x0000000080a479f0,0x0000000085400000)
 Metaspace       used 20652K, capacity 21272K, committed 21296K, reserved 1067008K
  class space    used 2900K, capacity 3120K, committed 3120K, reserved 1048576K
Event: 2.253 GC heap after
Heap after GC invocations=6 (full 0):
 PSYoungGen      total 142848K, used 5424K [0x00000000d5580000, 0x00000000ded80000, 0x0000000100000000)
  eden space 131072K, 0% used [0x00000000d5580000,0x00000000d5580000,0x00000000dd580000)
  from space 11776K, 46% used [0x00000000de200000,0x00000000de74c040,0x00000000ded80000)
  to   space 12288K, 0% used [0x00000000dd580000,0x00000000dd580000,0x00000000de180000)
 ParOldGen       total 86016K, used 10534K [0x0000000080000000, 0x0000000085400000, 0x00000000d5580000)
  object space 86016K, 12% used [0x0000000080000000,0x0000000080a499f0,0x0000000085400000)
 Metaspace       used 20652K, capacity 21272K, committed 21296K, reserved 1067008K
  class space    used 2900K, capacity 3120K, committed 3120K, reserved 1048576K
}
Event: 2.253 GC heap before
{Heap before GC invocations=7 (full 1):
 PSYoungGen      total 142848K, used 5424K [0x00000000d5580000, 0x00000000ded80000, 0x0000000100000000)
  eden space 131072K, 0% used [0x00000000d5580000,0x00000000d5580000,0x00000000dd580000)
  from space 11776K, 46% used [0x00000000de200000,0x00000000de74c040,0x00000000ded80000)
  to   space 12288K, 0% used [0x00000000dd580000,0x00000000dd580000,0x00000000de180000)
 ParOldGen       total 86016K, used 10534K [0x0000000080000000, 0x0000000085400000, 0x00000000d5580000)
  object space 86016K, 12% used [0x0000000080000000,0x0000000080a499f0,0x0000000085400000)
 Metaspace       used 20652K, capacity 21272K, committed 21296K, reserved 1067008K
  class space    used 2900K, capacity 3120K, committed 3120K, reserved 1048576K
Event: 2.299 GC heap after
Heap after GC invocations=7 (full 1):
 PSYoungGen      total 142848K, used 0K [0x00000000d5580000, 0x00000000ded80000, 0x0000000100000000)
  eden space 131072K, 0% used [0x00000000d5580000,0x00000000d5580000,0x00000000dd580000)
  from space 11776K, 0% used [0x00000000de200000,0x00000000de200000,0x00000000ded80000)
  to   space 12288K, 0% used [0x00000000dd580000,0x00000000dd580000,0x00000000de180000)
 ParOldGen       total 55808K, used 7135K [0x0000000080000000, 0x0000000083680000, 0x00000000d5580000)
  object space 55808K, 12% used [0x0000000080000000,0x00000000806f7cf8,0x0000000083680000)
 Metaspace       used 20652K, capacity 21272K, committed 21296K, reserved 1067008K
  class space    used 2900K, capacity 3120K, committed 3120K, reserved 1048576K
}
Event: 3.975 GC heap before
{Heap before GC invocations=8 (full 1):
 PSYoungGen      total 142848K, used 131072K [0x00000000d5580000, 0x00000000ded80000, 0x0000000100000000)
  eden space 131072K, 100% used [0x00000000d5580000,0x00000000dd580000,0x00000000dd580000)
  from space 11776K, 0% used [0x00000000de200000,0x00000000de200000,0x00000000ded80000)
  to   space 12288K, 0% used [0x00000000dd580000,0x00000000dd580000,0x00000000de180000)
 ParOldGen       total 55808K, used 7135K [0x0000000080000000, 0x0000000083680000, 0x00000000d5580000)
  object space 55808K, 12% used [0x0000000080000000,0x00000000806f7cf8,0x0000000083680000)
 Metaspace       used 32155K, capacity 32996K, committed 33072K, reserved 1077248K
  class space    used 4387K, capacity 4613K, committed 4656K, reserved 1048576K
Event: 3.999 GC heap after
Heap after GC invocations=8 (full 1):
 PSYoungGen      total 143360K, used 12286K [0x00000000d5580000, 0x00000000ded80000, 0x0000000100000000)
  eden space 131072K, 0% used [0x00000000d5580000,0x00000000d5580000,0x00000000dd580000)
  from space 12288K, 99% used [0x00000000dd580000,0x00000000de17fae0,0x00000000de180000)
  to   space 11776K, 0% used [0x00000000de200000,0x00000000de200000,0x00000000ded80000)
 ParOldGen       total 55808K, used 8419K [0x0000000080000000, 0x0000000083680000, 0x00000000d5580000)
  object space 55808K, 15% used [0x0000000080000000,0x0000000080838c70,0x0000000083680000)
 Metaspace       used 32155K, capacity 32996K, committed 33072K, reserved 1077248K
  class space    used 4387K, capacity 4613K, committed 4656K, reserved 1048576K
}

