# JRE version: OpenJDK Runtime Environment (8.0_242-b01) (build 1.8.0_242-release-1644-b01)
# Java VM: OpenJDK 64-Bit Server VM (25.242-b01 mixed mode windows-amd64 compressed oops)
Heap:
 PSYoungGen      total 603136K, used 313074K [0x00000000d5580000, 0x0000000100000000, 0x0000000100000000)
  eden space 541184K, 46% used [0x00000000d5580000,0x00000000e4abf0d0,0x00000000f6600000)
  from space 61952K, 99% used [0x00000000f6600000,0x00000000fa27d7b8,0x00000000fa280000)
  to   space 77312K, 0% used [0x00000000fb480000,0x00000000fb480000,0x0000000100000000)
 ParOldGen       total 277504K, used 171156K [0x0000000080000000, 0x0000000090f00000, 0x00000000d5580000)
  object space 277504K, 61% used [0x0000000080000000,0x000000008a725038,0x0000000090f00000)
 Metaspace       used 105630K, capacity 110678K, committed 111896K, reserved 1146880K
  class space    used 13755K, capacity 14664K, committed 15152K, reserved 1048576K
GC Heap History (10 events):
Event: 19.082 GC heap before
{Heap before GC invocations=17 (full 4):
 PSYoungGen      total 376320K, used 33270K [0x00000000d5580000, 0x00000000fa100000, 0x0000000100000000)
  eden space 343040K, 0% used [0x00000000d5580000,0x00000000d5580000,0x00000000ea480000)
  from space 33280K, 99% used [0x00000000ea480000,0x00000000ec4fd980,0x00000000ec500000)
  to   space 70656K, 0% used [0x00000000f5c00000,0x00000000f5c00000,0x00000000fa100000)
 ParOldGen       total 133120K, used 132614K [0x0000000080000000, 0x0000000088200000, 0x00000000d5580000)
  object space 133120K, 99% used [0x0000000080000000,0x0000000088181830,0x0000000088200000)
 Metaspace       used 84705K, capacity 90604K, committed 90648K, reserved 1126400K
  class space    used 11791K, capacity 12846K, committed 12848K, reserved 1048576K
Event: 19.548 GC heap after
Heap after GC invocations=17 (full 4):
 PSYoungGen      total 376320K, used 16224K [0x00000000d5580000, 0x00000000fa100000, 0x0000000100000000)
  eden space 343040K, 0% used [0x00000000d5580000,0x00000000d5580000,0x00000000ea480000)
  from space 33280K, 48% used [0x00000000ea480000,0x00000000eb458098,0x00000000ec500000)
  to   space 70656K, 0% used [0x00000000f5c00000,0x00000000f5c00000,0x00000000fa100000)
 ParOldGen       total 277504K, used 132981K [0x0000000080000000, 0x0000000090f00000, 0x00000000d5580000)
  object space 277504K, 47% used [0x0000000080000000,0x00000000881dd660,0x0000000090f00000)
 Metaspace       used 83528K, capacity 87518K, committed 90648K, reserved 1126400K
  class space    used 11383K, capacity 12125K, committed 12848K, reserved 1048576K
}
Event: 21.624 GC heap before
{Heap before GC invocations=18 (full 4):
 PSYoungGen      total 376320K, used 359264K [0x00000000d5580000, 0x00000000fa100000, 0x0000000100000000)
  eden space 343040K, 100% used [0x00000000d5580000,0x00000000ea480000,0x00000000ea480000)
  from space 33280K, 48% used [0x00000000ea480000,0x00000000eb458098,0x00000000ec500000)
  to   space 70656K, 0% used [0x00000000f5c00000,0x00000000f5c00000,0x00000000fa100000)
 ParOldGen       total 277504K, used 132981K [0x0000000080000000, 0x0000000090f00000, 0x00000000d5580000)
  object space 277504K, 47% used [0x0000000080000000,0x00000000881dd660,0x0000000090f00000)
 Metaspace       used 85011K, capacity 89176K, committed 92056K, reserved 1128448K
  class space    used 11543K, capacity 12314K, committed 12976K, reserved 1048576K
Event: 21.693 GC heap after
Heap after GC invocations=18 (full 4):
 PSYoungGen      total 491008K, used 25085K [0x00000000d5580000, 0x00000000f8980000, 0x0000000100000000)
  eden space 444416K, 0% used [0x00000000d5580000,0x00000000d5580000,0x00000000f0780000)
  from space 46592K, 53% used [0x00000000f5c00000,0x00000000f747f568,0x00000000f8980000)
  to   space 66560K, 0% used [0x00000000f0780000,0x00000000f0780000,0x00000000f4880000)
 ParOldGen       total 277504K, used 149044K [0x0000000080000000, 0x0000000090f00000, 0x00000000d5580000)
  object space 277504K, 53% used [0x0000000080000000,0x000000008918d388,0x0000000090f00000)
 Metaspace       used 85011K, capacity 89176K, committed 92056K, reserved 1128448K
  class space    used 11543K, capacity 12314K, committed 12976K, reserved 1048576K
}
Event: 530.884 GC heap before
{Heap before GC invocations=19 (full 4):
 PSYoungGen      total 491008K, used 469501K [0x00000000d5580000, 0x00000000f8980000, 0x0000000100000000)
  eden space 444416K, 100% used [0x00000000d5580000,0x00000000f0780000,0x00000000f0780000)
  from space 46592K, 53% used [0x00000000f5c00000,0x00000000f747f568,0x00000000f8980000)
  to   space 66560K, 0% used [0x00000000f0780000,0x00000000f0780000,0x00000000f4880000)
 ParOldGen       total 277504K, used 149044K [0x0000000080000000, 0x0000000090f00000, 0x00000000d5580000)
  object space 277504K, 53% used [0x0000000080000000,0x000000008918d388,0x0000000090f00000)
 Metaspace       used 94035K, capacity 98506K, committed 100888K, reserved 1136640K
  class space    used 12472K, capacity 13293K, committed 13872K, reserved 1048576K
Event: 531.271 GC heap after
Heap after GC invocations=19 (full 4):
 PSYoungGen      total 510976K, used 8806K [0x00000000d5580000, 0x00000000ff480000, 0x0000000100000000)
  eden space 444416K, 0% used [0x00000000d5580000,0x00000000d5580000,0x00000000f0780000)
  from space 66560K, 13% used [0x00000000f0780000,0x00000000f1019aa8,0x00000000f4880000)
  to   space 65024K, 0% used [0x00000000fb500000,0x00000000fb500000,0x00000000ff480000)
 ParOldGen       total 277504K, used 159271K [0x0000000080000000, 0x0000000090f00000, 0x00000000d5580000)
  object space 277504K, 57% used [0x0000000080000000,0x0000000089b89df8,0x0000000090f00000)
 Metaspace       used 94035K, capacity 98506K, committed 100888K, reserved 1136640K
  class space    used 12472K, capacity 13293K, committed 13872K, reserved 1048576K
}
Event: 567.272 GC heap before
{Heap before GC invocations=20 (full 4):
 PSYoungGen      total 510976K, used 453222K [0x00000000d5580000, 0x00000000ff480000, 0x0000000100000000)
  eden space 444416K, 100% used [0x00000000d5580000,0x00000000f0780000,0x00000000f0780000)
  from space 66560K, 13% used [0x00000000f0780000,0x00000000f1019aa8,0x00000000f4880000)
  to   space 65024K, 0% used [0x00000000fb500000,0x00000000fb500000,0x00000000ff480000)
 ParOldGen       total 277504K, used 159271K [0x0000000080000000, 0x0000000090f00000, 0x00000000d5580000)
  object space 277504K, 57% used [0x0000000080000000,0x0000000089b89df8,0x0000000090f00000)
 Metaspace       used 94799K, capacity 99460K, committed 101400K, reserved 1136640K
  class space    used 12513K, capacity 13362K, committed 13872K, reserved 1048576K
Event: 567.360 GC heap after
Heap after GC invocations=20 (full 4):
 PSYoungGen      total 584192K, used 15936K [0x00000000d5580000, 0x00000000fdf00000, 0x0000000100000000)
  eden space 541184K, 0% used [0x00000000d5580000,0x00000000d5580000,0x00000000f6600000)
  from space 43008K, 37% used [0x00000000fb500000,0x00000000fc490090,0x00000000fdf00000)
  to   space 61952K, 0% used [0x00000000f6600000,0x00000000f6600000,0x00000000fa280000)
 ParOldGen       total 277504K, used 159279K [0x0000000080000000, 0x0000000090f00000, 0x00000000d5580000)
  object space 277504K, 57% used [0x0000000080000000,0x0000000089b8bdf8,0x0000000090f00000)
 Metaspace       used 94799K, capacity 99460K, committed 101400K, reserved 1136640K
  class space    used 12513K, capacity 13362K, committed 13872K, reserved 1048576K
}
Event: 1142.498 GC heap before
{Heap before GC invocations=21 (full 4):
 PSYoungGen      total 584192K, used 557120K [0x00000000d5580000, 0x00000000fdf00000, 0x0000000100000000)
  eden space 541184K, 100% used [0x00000000d5580000,0x00000000f6600000,0x00000000f6600000)
  from space 43008K, 37% used [0x00000000fb500000,0x00000000fc490090,0x00000000fdf00000)
  to   space 61952K, 0% used [0x00000000f6600000,0x00000000f6600000,0x00000000fa280000)
 ParOldGen       total 277504K, used 159279K [0x0000000080000000, 0x0000000090f00000, 0x00000000d5580000)
  object space 277504K, 57% used [0x0000000080000000,0x0000000089b8bdf8,0x0000000090f00000)
 Metaspace       used 103925K, capacity 108962K, committed 110488K, reserved 1144832K
  class space    used 13608K, capacity 14516K, committed 15024K, reserved 1048576K
Event: 1142.831 GC heap after
Heap after GC invocations=21 (full 4):
 PSYoungGen      total 603136K, used 61941K [0x00000000d5580000, 0x0000000100000000, 0x0000000100000000)
  eden space 541184K, 0% used [0x00000000d5580000,0x00000000d5580000,0x00000000f6600000)
  from space 61952K, 99% used [0x00000000f6600000,0x00000000fa27d7b8,0x00000000fa280000)
  to   space 77312K, 0% used [0x00000000fb480000,0x00000000fb480000,0x0000000100000000)
 ParOldGen       total 277504K, used 171156K [0x0000000080000000, 0x0000000090f00000, 0x00000000d5580000)
  object space 277504K, 61% used [0x0000000080000000,0x000000008a725038,0x0000000090f00000)
 Metaspace       used 103925K, capacity 108962K, committed 110488K, reserved 1144832K
  class space    used 13608K, capacity 14516K, committed 15024K, reserved 1048576K
}

