# JRE version: OpenJDK Runtime Environment (8.0_242-b01) (build 1.8.0_242-release-1644-b01)
# Java VM: OpenJDK 64-Bit Server VM (25.242-b01 mixed mode windows-amd64 compressed oops)
Heap:
 PSYoungGen      total 498688K, used 326917K [0x00000000d5580000, 0x00000000f6480000, 0x0000000100000000)
  eden space 457728K, 62% used [0x00000000d5580000,0x00000000e6cc8b18,0x00000000f1480000)
  from space 40960K, 99% used [0x00000000f3c80000,0x00000000f6478908,0x00000000f6480000)
  to   space 40960K, 0% used [0x00000000f1480000,0x00000000f1480000,0x00000000f3c80000)
 ParOldGen       total 157184K, used 109229K [0x0000000080000000, 0x0000000089980000, 0x00000000d5580000)
  object space 157184K, 69% used [0x0000000080000000,0x0000000086aab690,0x0000000089980000)
 Metaspace       used 116120K, capacity 123139K, committed 123416K, reserved 1157120K
  class space    used 15206K, capacity 16549K, committed 16688K, reserved 1048576K
GC Heap History (10 events):
Event: 10672.930 GC heap before
{Heap before GC invocations=24 (full 4):
 PSYoungGen      total 410624K, used 408710K [0x00000000d5580000, 0x00000000f6500000, 0x0000000100000000)
  eden space 374272K, 100% used [0x00000000d5580000,0x00000000ec300000,0x00000000ec300000)
  from space 36352K, 94% used [0x00000000ec300000,0x00000000ee4a19c0,0x00000000ee680000)
  to   space 41472K, 0% used [0x00000000f3c80000,0x00000000f3c80000,0x00000000f6500000)
 ParOldGen       total 157184K, used 65531K [0x0000000080000000, 0x0000000089980000, 0x00000000d5580000)
  object space 157184K, 41% used [0x0000000080000000,0x0000000083ffed60,0x0000000089980000)
 Metaspace       used 113403K, capacity 120139K, committed 120216K, reserved 1153024K
  class space    used 14976K, capacity 16249K, committed 16304K, reserved 1048576K
Event: 10672.961 GC heap after
Heap after GC invocations=24 (full 4):
 PSYoungGen      total 498688K, used 5596K [0x00000000d5580000, 0x00000000f6480000, 0x0000000100000000)
  eden space 457728K, 0% used [0x00000000d5580000,0x00000000d5580000,0x00000000f1480000)
  from space 40960K, 13% used [0x00000000f3c80000,0x00000000f41f72c0,0x00000000f6480000)
  to   space 40960K, 0% used [0x00000000f1480000,0x00000000f1480000,0x00000000f3c80000)
 ParOldGen       total 157184K, used 93863K [0x0000000080000000, 0x0000000089980000, 0x00000000d5580000)
  object space 157184K, 59% used [0x0000000080000000,0x0000000085ba9f60,0x0000000089980000)
 Metaspace       used 113403K, capacity 120139K, committed 120216K, reserved 1153024K
  class space    used 14976K, capacity 16249K, committed 16304K, reserved 1048576K
}
Event: 10673.591 GC heap before
{Heap before GC invocations=25 (full 4):
 PSYoungGen      total 498688K, used 463324K [0x00000000d5580000, 0x00000000f6480000, 0x0000000100000000)
  eden space 457728K, 100% used [0x00000000d5580000,0x00000000f1480000,0x00000000f1480000)
  from space 40960K, 13% used [0x00000000f3c80000,0x00000000f41f72c0,0x00000000f6480000)
  to   space 40960K, 0% used [0x00000000f1480000,0x00000000f1480000,0x00000000f3c80000)
 ParOldGen       total 157184K, used 93863K [0x0000000080000000, 0x0000000089980000, 0x00000000d5580000)
  object space 157184K, 59% used [0x0000000080000000,0x0000000085ba9f60,0x0000000089980000)
 Metaspace       used 114087K, capacity 120851K, committed 121112K, reserved 1155072K
  class space    used 14999K, capacity 16291K, committed 16432K, reserved 1048576K
Event: 10673.600 GC heap after
Heap after GC invocations=25 (full 4):
 PSYoungGen      total 498688K, used 5655K [0x00000000d5580000, 0x00000000f6480000, 0x0000000100000000)
  eden space 457728K, 0% used [0x00000000d5580000,0x00000000d5580000,0x00000000f1480000)
  from space 40960K, 13% used [0x00000000f1480000,0x00000000f1a05db0,0x00000000f3c80000)
  to   space 40960K, 0% used [0x00000000f3c80000,0x00000000f3c80000,0x00000000f6480000)
 ParOldGen       total 157184K, used 97137K [0x0000000080000000, 0x0000000089980000, 0x00000000d5580000)
  object space 157184K, 61% used [0x0000000080000000,0x0000000085edc478,0x0000000089980000)
 Metaspace       used 114087K, capacity 120851K, committed 121112K, reserved 1155072K
  class space    used 14999K, capacity 16291K, committed 16432K, reserved 1048576K
}
Event: 10674.022 GC heap before
{Heap before GC invocations=26 (full 4):
 PSYoungGen      total 498688K, used 463383K [0x00000000d5580000, 0x00000000f6480000, 0x0000000100000000)
  eden space 457728K, 100% used [0x00000000d5580000,0x00000000f1480000,0x00000000f1480000)
  from space 40960K, 13% used [0x00000000f1480000,0x00000000f1a05db0,0x00000000f3c80000)
  to   space 40960K, 0% used [0x00000000f3c80000,0x00000000f3c80000,0x00000000f6480000)
 ParOldGen       total 157184K, used 97137K [0x0000000080000000, 0x0000000089980000, 0x00000000d5580000)
  object space 157184K, 61% used [0x0000000080000000,0x0000000085edc478,0x0000000089980000)
 Metaspace       used 114386K, capacity 121291K, committed 121624K, reserved 1155072K
  class space    used 15047K, capacity 16351K, committed 16432K, reserved 1048576K
Event: 10674.036 GC heap after
Heap after GC invocations=26 (full 4):
 PSYoungGen      total 498688K, used 14042K [0x00000000d5580000, 0x00000000f6480000, 0x0000000100000000)
  eden space 457728K, 0% used [0x00000000d5580000,0x00000000d5580000,0x00000000f1480000)
  from space 40960K, 34% used [0x00000000f3c80000,0x00000000f4a36a00,0x00000000f6480000)
  to   space 40960K, 0% used [0x00000000f1480000,0x00000000f1480000,0x00000000f3c80000)
 ParOldGen       total 157184K, used 101249K [0x0000000080000000, 0x0000000089980000, 0x00000000d5580000)
  object space 157184K, 64% used [0x0000000080000000,0x00000000862e0578,0x0000000089980000)
 Metaspace       used 114386K, capacity 121291K, committed 121624K, reserved 1155072K
  class space    used 15047K, capacity 16351K, committed 16432K, reserved 1048576K
}
Event: 10674.731 GC heap before
{Heap before GC invocations=27 (full 4):
 PSYoungGen      total 498688K, used 471770K [0x00000000d5580000, 0x00000000f6480000, 0x0000000100000000)
  eden space 457728K, 100% used [0x00000000d5580000,0x00000000f1480000,0x00000000f1480000)
  from space 40960K, 34% used [0x00000000f3c80000,0x00000000f4a36a00,0x00000000f6480000)
  to   space 40960K, 0% used [0x00000000f1480000,0x00000000f1480000,0x00000000f3c80000)
 ParOldGen       total 157184K, used 101249K [0x0000000080000000, 0x0000000089980000, 0x00000000d5580000)
  object space 157184K, 64% used [0x0000000080000000,0x00000000862e0578,0x0000000089980000)
 Metaspace       used 115084K, capacity 122049K, committed 122264K, reserved 1155072K
  class space    used 15106K, capacity 16446K, committed 16560K, reserved 1048576K
Event: 10674.743 GC heap after
Heap after GC invocations=27 (full 4):
 PSYoungGen      total 498688K, used 9027K [0x00000000d5580000, 0x00000000f6480000, 0x0000000100000000)
  eden space 457728K, 0% used [0x00000000d5580000,0x00000000d5580000,0x00000000f1480000)
  from space 40960K, 22% used [0x00000000f1480000,0x00000000f1d50d88,0x00000000f3c80000)
  to   space 40960K, 0% used [0x00000000f3c80000,0x00000000f3c80000,0x00000000f6480000)
 ParOldGen       total 157184K, used 104966K [0x0000000080000000, 0x0000000089980000, 0x00000000d5580000)
  object space 157184K, 66% used [0x0000000080000000,0x0000000086681aa8,0x0000000089980000)
 Metaspace       used 115084K, capacity 122049K, committed 122264K, reserved 1155072K
  class space    used 15106K, capacity 16446K, committed 16560K, reserved 1048576K
}
Event: 10675.853 GC heap before
{Heap before GC invocations=28 (full 4):
 PSYoungGen      total 498688K, used 466755K [0x00000000d5580000, 0x00000000f6480000, 0x0000000100000000)
  eden space 457728K, 100% used [0x00000000d5580000,0x00000000f1480000,0x00000000f1480000)
  from space 40960K, 22% used [0x00000000f1480000,0x00000000f1d50d88,0x00000000f3c80000)
  to   space 40960K, 0% used [0x00000000f3c80000,0x00000000f3c80000,0x00000000f6480000)
 ParOldGen       total 157184K, used 104966K [0x0000000080000000, 0x0000000089980000, 0x00000000d5580000)
  object space 157184K, 66% used [0x0000000080000000,0x0000000086681aa8,0x0000000089980000)
 Metaspace       used 115265K, capacity 122187K, committed 122520K, reserved 1155072K
  class space    used 15108K, capacity 16447K, committed 16560K, reserved 1048576K
Event: 10675.893 GC heap after
Heap after GC invocations=28 (full 4):
 PSYoungGen      total 498688K, used 40930K [0x00000000d5580000, 0x00000000f6480000, 0x0000000100000000)
  eden space 457728K, 0% used [0x00000000d5580000,0x00000000d5580000,0x00000000f1480000)
  from space 40960K, 99% used [0x00000000f3c80000,0x00000000f6478908,0x00000000f6480000)
  to   space 40960K, 0% used [0x00000000f1480000,0x00000000f1480000,0x00000000f3c80000)
 ParOldGen       total 157184K, used 109229K [0x0000000080000000, 0x0000000089980000, 0x00000000d5580000)
  object space 157184K, 69% used [0x0000000080000000,0x0000000086aab690,0x0000000089980000)
 Metaspace       used 115265K, capacity 122187K, committed 122520K, reserved 1155072K
  class space    used 15108K, capacity 16447K, committed 16560K, reserved 1048576K
}

