# JRE version: OpenJDK Runtime Environment (8.0_242-b01) (build 1.8.0_242-release-1644-b01)
# Java VM: OpenJDK 64-Bit Server VM (25.242-b01 mixed mode windows-amd64 compressed oops)
Heap:
 PSYoungGen      total 70656K, used 56540K [0x00000000d6700000, 0x00000000db100000, 0x0000000100000000)
  eden space 65536K, 86% used [0x00000000d6700000,0x00000000d9e371d8,0x00000000da700000)
  from space 5120K, 0% used [0x00000000da700000,0x00000000da700000,0x00000000dac00000)
  to   space 5120K, 0% used [0x00000000dac00000,0x00000000dac00000,0x00000000db100000)
 ParOldGen       total 66048K, used 9115K [0x0000000083400000, 0x0000000087480000, 0x00000000d6700000)
  object space 66048K, 13% used [0x0000000083400000,0x0000000083ce6d50,0x0000000087480000)
 Metaspace       used 28535K, capacity 29038K, committed 29184K, reserved 1075200K
  class space    used 3413K, capacity 3576K, committed 3584K, reserved 1048576K
GC Heap History (8 events):
Event: 0.388 GC heap before
{Heap before GC invocations=1 (full 0):
 PSYoungGen      total 37888K, used 32768K [0x00000000d6700000, 0x00000000d9100000, 0x0000000100000000)
  eden space 32768K, 100% used [0x00000000d6700000,0x00000000d8700000,0x00000000d8700000)
  from space 5120K, 0% used [0x00000000d8c00000,0x00000000d8c00000,0x00000000d9100000)
  to   space 5120K, 0% used [0x00000000d8700000,0x00000000d8700000,0x00000000d8c00000)
 ParOldGen       total 86016K, used 0K [0x0000000083400000, 0x0000000088800000, 0x00000000d6700000)
  object space 86016K, 0% used [0x0000000083400000,0x0000000083400000,0x0000000088800000)
 Metaspace       used 10223K, capacity 10396K, committed 10624K, reserved 1058816K
  class space    used 1077K, capacity 1148K, committed 1152K, reserved 1048576K
Event: 0.393 GC heap after
Heap after GC invocations=1 (full 0):
 PSYoungGen      total 37888K, used 5090K [0x00000000d6700000, 0x00000000db100000, 0x0000000100000000)
  eden space 32768K, 0% used [0x00000000d6700000,0x00000000d6700000,0x00000000d8700000)
  from space 5120K, 99% used [0x00000000d8700000,0x00000000d8bf8bd0,0x00000000d8c00000)
  to   space 5120K, 0% used [0x00000000dac00000,0x00000000dac00000,0x00000000db100000)
 ParOldGen       total 86016K, used 2455K [0x0000000083400000, 0x0000000088800000, 0x00000000d6700000)
  object space 86016K, 2% used [0x0000000083400000,0x0000000083665cd8,0x0000000088800000)
 Metaspace       used 10223K, capacity 10396K, committed 10624K, reserved 1058816K
  class space    used 1077K, capacity 1148K, committed 1152K, reserved 1048576K
}
Event: 0.687 GC heap before
{Heap before GC invocations=2 (full 0):
 PSYoungGen      total 37888K, used 37858K [0x00000000d6700000, 0x00000000db100000, 0x0000000100000000)
  eden space 32768K, 100% used [0x00000000d6700000,0x00000000d8700000,0x00000000d8700000)
  from space 5120K, 99% used [0x00000000d8700000,0x00000000d8bf8bd0,0x00000000d8c00000)
  to   space 5120K, 0% used [0x00000000dac00000,0x00000000dac00000,0x00000000db100000)
 ParOldGen       total 86016K, used 2455K [0x0000000083400000, 0x0000000088800000, 0x00000000d6700000)
  object space 86016K, 2% used [0x0000000083400000,0x0000000083665cd8,0x0000000088800000)
 Metaspace       used 15929K, capacity 16258K, committed 16512K, reserved 1064960K
  class space    used 1824K, capacity 1913K, committed 1920K, reserved 1048576K
Event: 0.693 GC heap after
Heap after GC invocations=2 (full 0):
 PSYoungGen      total 70656K, used 5088K [0x00000000d6700000, 0x00000000db100000, 0x0000000100000000)
  eden space 65536K, 0% used [0x00000000d6700000,0x00000000d6700000,0x00000000da700000)
  from space 5120K, 99% used [0x00000000dac00000,0x00000000db0f8020,0x00000000db100000)
  to   space 5120K, 0% used [0x00000000da700000,0x00000000da700000,0x00000000dac00000)
 ParOldGen       total 86016K, used 7387K [0x0000000083400000, 0x0000000088800000, 0x00000000d6700000)
  object space 86016K, 8% used [0x0000000083400000,0x0000000083b36f20,0x0000000088800000)
 Metaspace       used 15929K, capacity 16258K, committed 16512K, reserved 1064960K
  class space    used 1824K, capacity 1913K, committed 1920K, reserved 1048576K
}
Event: 0.904 GC heap before
{Heap before GC invocations=3 (full 0):
 PSYoungGen      total 70656K, used 25041K [0x00000000d6700000, 0x00000000db100000, 0x0000000100000000)
  eden space 65536K, 30% used [0x00000000d6700000,0x00000000d7a7c5a0,0x00000000da700000)
  from space 5120K, 99% used [0x00000000dac00000,0x00000000db0f8020,0x00000000db100000)
  to   space 5120K, 0% used [0x00000000da700000,0x00000000da700000,0x00000000dac00000)
 ParOldGen       total 86016K, used 7387K [0x0000000083400000, 0x0000000088800000, 0x00000000d6700000)
  object space 86016K, 8% used [0x0000000083400000,0x0000000083b36f20,0x0000000088800000)
 Metaspace       used 20759K, capacity 21204K, committed 21248K, reserved 1069056K
  class space    used 2412K, capacity 2558K, committed 2560K, reserved 1048576K
Event: 0.909 GC heap after
Heap after GC invocations=3 (full 0):
 PSYoungGen      total 70656K, used 5088K [0x00000000d6700000, 0x00000000db100000, 0x0000000100000000)
  eden space 65536K, 0% used [0x00000000d6700000,0x00000000d6700000,0x00000000da700000)
  from space 5120K, 99% used [0x00000000da700000,0x00000000dabf8030,0x00000000dac00000)
  to   space 5120K, 0% used [0x00000000dac00000,0x00000000dac00000,0x00000000db100000)
 ParOldGen       total 86016K, used 11574K [0x0000000083400000, 0x0000000088800000, 0x00000000d6700000)
  object space 86016K, 13% used [0x0000000083400000,0x0000000083f4d8e8,0x0000000088800000)
 Metaspace       used 20759K, capacity 21204K, committed 21248K, reserved 1069056K
  class space    used 2412K, capacity 2558K, committed 2560K, reserved 1048576K
}
Event: 0.909 GC heap before
{Heap before GC invocations=4 (full 1):
 PSYoungGen      total 70656K, used 5088K [0x00000000d6700000, 0x00000000db100000, 0x0000000100000000)
  eden space 65536K, 0% used [0x00000000d6700000,0x00000000d6700000,0x00000000da700000)
  from space 5120K, 99% used [0x00000000da700000,0x00000000dabf8030,0x00000000dac00000)
  to   space 5120K, 0% used [0x00000000dac00000,0x00000000dac00000,0x00000000db100000)
 ParOldGen       total 86016K, used 11574K [0x0000000083400000, 0x0000000088800000, 0x00000000d6700000)
  object space 86016K, 13% used [0x0000000083400000,0x0000000083f4d8e8,0x0000000088800000)
 Metaspace       used 20759K, capacity 21204K, committed 21248K, reserved 1069056K
  class space    used 2412K, capacity 2558K, committed 2560K, reserved 1048576K
Event: 0.929 GC heap after
Heap after GC invocations=4 (full 1):
 PSYoungGen      total 70656K, used 0K [0x00000000d6700000, 0x00000000db100000, 0x0000000100000000)
  eden space 65536K, 0% used [0x00000000d6700000,0x00000000d6700000,0x00000000da700000)
  from space 5120K, 0% used [0x00000000da700000,0x00000000da700000,0x00000000dac00000)
  to   space 5120K, 0% used [0x00000000dac00000,0x00000000dac00000,0x00000000db100000)
 ParOldGen       total 66048K, used 9115K [0x0000000083400000, 0x0000000087480000, 0x00000000d6700000)
  object space 66048K, 13% used [0x0000000083400000,0x0000000083ce6d50,0x0000000087480000)
 Metaspace       used 20759K, capacity 21204K, committed 21248K, reserved 1069056K
  class space    used 2412K, capacity 2558K, committed 2560K, reserved 1048576K
}

