# JRE version: OpenJDK Runtime Environment (8.0_242-b01) (build 1.8.0_242-release-1644-b01)
# Java VM: OpenJDK 64-Bit Server VM (25.242-b01 mixed mode windows-amd64 compressed oops)
Heap:
 PSYoungGen      total 395776K, used 41807K [0x00000000d5580000, 0x00000000f0400000, 0x0000000100000000)
  eden space 371200K, 11% used [0x00000000d5580000,0x00000000d7e53cd0,0x00000000ec000000)
  from space 24576K, 0% used [0x00000000ec000000,0x00000000ec000000,0x00000000ed800000)
  to   space 15872K, 0% used [0x00000000ed800000,0x00000000ed800000,0x00000000ee780000)
 ParOldGen       total 118784K, used 30121K [0x0000000080000000, 0x0000000087400000, 0x00000000d5580000)
  object space 118784K, 25% used [0x0000000080000000,0x0000000081d6a638,0x0000000087400000)
 Metaspace       used 59365K, capacity 61474K, committed 61592K, reserved 1101824K
  class space    used 8122K, capacity 8594K, committed 8624K, reserved 1048576K
GC Heap History (10 events):
Event: 3.098 GC heap before
{Heap before GC invocations=8 (full 1):
 PSYoungGen      total 236544K, used 67124K [0x00000000d5580000, 0x00000000e6f80000, 0x0000000100000000)
  eden space 223232K, 24% used [0x00000000d5580000,0x00000000d8a11930,0x00000000e2f80000)
  from space 13312K, 99% used [0x00000000e6280000,0x00000000e6f7b770,0x00000000e6f80000)
  to   space 15872K, 0% used [0x00000000e5080000,0x00000000e5080000,0x00000000e6000000)
 ParOldGen       total 59392K, used 10379K [0x0000000080000000, 0x0000000083a00000, 0x00000000d5580000)
  object space 59392K, 17% used [0x0000000080000000,0x0000000080a22f20,0x0000000083a00000)
 Metaspace       used 34518K, capacity 35410K, committed 35496K, reserved 1079296K
  class space    used 4733K, capacity 4974K, committed 5040K, reserved 1048576K
Event: 3.108 GC heap after
Heap after GC invocations=8 (full 1):
 PSYoungGen      total 272896K, used 9585K [0x00000000d5580000, 0x00000000ee780000, 0x0000000100000000)
  eden space 257024K, 0% used [0x00000000d5580000,0x00000000d5580000,0x00000000e5080000)
  from space 15872K, 60% used [0x00000000e5080000,0x00000000e59dc4e0,0x00000000e6000000)
  to   space 15872K, 0% used [0x00000000ed800000,0x00000000ed800000,0x00000000ee780000)
 ParOldGen       total 59392K, used 10387K [0x0000000080000000, 0x0000000083a00000, 0x00000000d5580000)
  object space 59392K, 17% used [0x0000000080000000,0x0000000080a24f20,0x0000000083a00000)
 Metaspace       used 34518K, capacity 35410K, committed 35496K, reserved 1079296K
  class space    used 4733K, capacity 4974K, committed 5040K, reserved 1048576K
}
Event: 3.108 GC heap before
{Heap before GC invocations=9 (full 2):
 PSYoungGen      total 272896K, used 9585K [0x00000000d5580000, 0x00000000ee780000, 0x0000000100000000)
  eden space 257024K, 0% used [0x00000000d5580000,0x00000000d5580000,0x00000000e5080000)
  from space 15872K, 60% used [0x00000000e5080000,0x00000000e59dc4e0,0x00000000e6000000)
  to   space 15872K, 0% used [0x00000000ed800000,0x00000000ed800000,0x00000000ee780000)
 ParOldGen       total 59392K, used 10387K [0x0000000080000000, 0x0000000083a00000, 0x00000000d5580000)
  object space 59392K, 17% used [0x0000000080000000,0x0000000080a24f20,0x0000000083a00000)
 Metaspace       used 34518K, capacity 35410K, committed 35496K, reserved 1079296K
  class space    used 4733K, capacity 4974K, committed 5040K, reserved 1048576K
Event: 3.153 GC heap after
Heap after GC invocations=9 (full 2):
 PSYoungGen      total 272896K, used 0K [0x00000000d5580000, 0x00000000ee780000, 0x0000000100000000)
  eden space 257024K, 0% used [0x00000000d5580000,0x00000000d5580000,0x00000000e5080000)
  from space 15872K, 0% used [0x00000000e5080000,0x00000000e5080000,0x00000000e6000000)
  to   space 15872K, 0% used [0x00000000ed800000,0x00000000ed800000,0x00000000ee780000)
 ParOldGen       total 82432K, used 16065K [0x0000000080000000, 0x0000000085080000, 0x00000000d5580000)
  object space 82432K, 19% used [0x0000000080000000,0x0000000080fb0668,0x0000000085080000)
 Metaspace       used 34518K, capacity 35410K, committed 35496K, reserved 1079296K
  class space    used 4733K, capacity 4974K, committed 5040K, reserved 1048576K
}
Event: 5.596 GC heap before
{Heap before GC invocations=10 (full 2):
 PSYoungGen      total 272896K, used 257024K [0x00000000d5580000, 0x00000000ee780000, 0x0000000100000000)
  eden space 257024K, 100% used [0x00000000d5580000,0x00000000e5080000,0x00000000e5080000)
  from space 15872K, 0% used [0x00000000e5080000,0x00000000e5080000,0x00000000e6000000)
  to   space 15872K, 0% used [0x00000000ed800000,0x00000000ed800000,0x00000000ee780000)
 ParOldGen       total 82432K, used 16065K [0x0000000080000000, 0x0000000085080000, 0x00000000d5580000)
  object space 82432K, 19% used [0x0000000080000000,0x0000000080fb0668,0x0000000085080000)
 Metaspace       used 55672K, capacity 57664K, committed 58024K, reserved 1099776K
  class space    used 7541K, capacity 7991K, committed 8112K, reserved 1048576K
Event: 5.614 GC heap after
Heap after GC invocations=10 (full 2):
 PSYoungGen      total 387072K, used 15852K [0x00000000d5580000, 0x00000000f0400000, 0x0000000100000000)
  eden space 371200K, 0% used [0x00000000d5580000,0x00000000d5580000,0x00000000ec000000)
  from space 15872K, 99% used [0x00000000ed800000,0x00000000ee77b340,0x00000000ee780000)
  to   space 24576K, 0% used [0x00000000ec000000,0x00000000ec000000,0x00000000ed800000)
 ParOldGen       total 82432K, used 30907K [0x0000000080000000, 0x0000000085080000, 0x00000000d5580000)
  object space 82432K, 37% used [0x0000000080000000,0x0000000081e2ee20,0x0000000085080000)
 Metaspace       used 55672K, capacity 57664K, committed 58024K, reserved 1099776K
  class space    used 7541K, capacity 7991K, committed 8112K, reserved 1048576K
}
Event: 5.758 GC heap before
{Heap before GC invocations=11 (full 2):
 PSYoungGen      total 387072K, used 44780K [0x00000000d5580000, 0x00000000f0400000, 0x0000000100000000)
  eden space 371200K, 7% used [0x00000000d5580000,0x00000000d71bff78,0x00000000ec000000)
  from space 15872K, 99% used [0x00000000ed800000,0x00000000ee77b340,0x00000000ee780000)
  to   space 24576K, 0% used [0x00000000ec000000,0x00000000ec000000,0x00000000ed800000)
 ParOldGen       total 82432K, used 30907K [0x0000000080000000, 0x0000000085080000, 0x00000000d5580000)
  object space 82432K, 37% used [0x0000000080000000,0x0000000081e2ee20,0x0000000085080000)
 Metaspace       used 57081K, capacity 59112K, committed 59160K, reserved 1099776K
  class space    used 7746K, capacity 8237K, committed 8240K, reserved 1048576K
Event: 5.768 GC heap after
Heap after GC invocations=11 (full 2):
 PSYoungGen      total 395776K, used 17607K [0x00000000d5580000, 0x00000000f0400000, 0x0000000100000000)
  eden space 371200K, 0% used [0x00000000d5580000,0x00000000d5580000,0x00000000ec000000)
  from space 24576K, 71% used [0x00000000ec000000,0x00000000ed131d80,0x00000000ed800000)
  to   space 15872K, 0% used [0x00000000ed800000,0x00000000ed800000,0x00000000ee780000)
 ParOldGen       total 82432K, used 30915K [0x0000000080000000, 0x0000000085080000, 0x00000000d5580000)
  object space 82432K, 37% used [0x0000000080000000,0x0000000081e30e20,0x0000000085080000)
 Metaspace       used 57081K, capacity 59112K, committed 59160K, reserved 1099776K
  class space    used 7746K, capacity 8237K, committed 8240K, reserved 1048576K
}
Event: 5.768 GC heap before
{Heap before GC invocations=12 (full 3):
 PSYoungGen      total 395776K, used 17607K [0x00000000d5580000, 0x00000000f0400000, 0x0000000100000000)
  eden space 371200K, 0% used [0x00000000d5580000,0x00000000d5580000,0x00000000ec000000)
  from space 24576K, 71% used [0x00000000ec000000,0x00000000ed131d80,0x00000000ed800000)
  to   space 15872K, 0% used [0x00000000ed800000,0x00000000ed800000,0x00000000ee780000)
 ParOldGen       total 82432K, used 30915K [0x0000000080000000, 0x0000000085080000, 0x00000000d5580000)
  object space 82432K, 37% used [0x0000000080000000,0x0000000081e30e20,0x0000000085080000)
 Metaspace       used 57081K, capacity 59112K, committed 59160K, reserved 1099776K
  class space    used 7746K, capacity 8237K, committed 8240K, reserved 1048576K
Event: 5.909 GC heap after
Heap after GC invocations=12 (full 3):
 PSYoungGen      total 395776K, used 0K [0x00000000d5580000, 0x00000000f0400000, 0x0000000100000000)
  eden space 371200K, 0% used [0x00000000d5580000,0x00000000d5580000,0x00000000ec000000)
  from space 24576K, 0% used [0x00000000ec000000,0x00000000ec000000,0x00000000ed800000)
  to   space 15872K, 0% used [0x00000000ed800000,0x00000000ed800000,0x00000000ee780000)
 ParOldGen       total 118784K, used 30121K [0x0000000080000000, 0x0000000087400000, 0x00000000d5580000)
  object space 118784K, 25% used [0x0000000080000000,0x0000000081d6a638,0x0000000087400000)
 Metaspace       used 57060K, capacity 59040K, committed 59160K, reserved 1099776K
  class space    used 7740K, capacity 8225K, committed 8240K, reserved 1048576K
}

