# JRE version: OpenJDK Runtime Environment (8.0_242-b01) (build 1.8.0_242-release-1644-b01)
# Java VM: OpenJDK 64-Bit Server VM (25.242-b01 mixed mode windows-amd64 compressed oops)
Heap:
 PSYoungGen      total 532992K, used 363577K [0x00000000d5580000, 0x00000000f8400000, 0x0000000100000000)
  eden space 499200K, 72% used [0x00000000d5580000,0x00000000eb88e4f8,0x00000000f3d00000)
  from space 33792K, 0% used [0x00000000f6300000,0x00000000f6300000,0x00000000f8400000)
  to   space 36352K, 0% used [0x00000000f3d00000,0x00000000f3d00000,0x00000000f6080000)
 ParOldGen       total 189952K, used 45235K [0x0000000080000000, 0x000000008b980000, 0x00000000d5580000)
  object space 189952K, 23% used [0x0000000080000000,0x0000000082c2cf00,0x000000008b980000)
 Metaspace       used 95937K, capacity 99914K, committed 102936K, reserved 1138688K
  class space    used 12223K, capacity 13042K, committed 13616K, reserved 1048576K
GC Heap History (10 events):
Event: 5.010 GC heap before
{Heap before GC invocations=12 (full 3):
 PSYoungGen      total 384000K, used 19180K [0x00000000d5580000, 0x00000000f4180000, 0x0000000100000000)
  eden space 360960K, 0% used [0x00000000d5580000,0x00000000d5580000,0x00000000eb600000)
  from space 23040K, 83% used [0x00000000eb600000,0x00000000ec8bb350,0x00000000ecc80000)
  to   space 25088K, 0% used [0x00000000f2900000,0x00000000f2900000,0x00000000f4180000)
 ParOldGen       total 88576K, used 27329K [0x0000000080000000, 0x0000000085680000, 0x00000000d5580000)
  object space 88576K, 30% used [0x0000000080000000,0x0000000081ab0638,0x0000000085680000)
 Metaspace       used 56874K, capacity 59052K, committed 59160K, reserved 1099776K
  class space    used 7704K, capacity 8190K, committed 8240K, reserved 1048576K
Event: 5.167 GC heap after
Heap after GC invocations=12 (full 3):
 PSYoungGen      total 384000K, used 0K [0x00000000d5580000, 0x00000000f4180000, 0x0000000100000000)
  eden space 360960K, 0% used [0x00000000d5580000,0x00000000d5580000,0x00000000eb600000)
  from space 23040K, 0% used [0x00000000eb600000,0x00000000eb600000,0x00000000ecc80000)
  to   space 25088K, 0% used [0x00000000f2900000,0x00000000f2900000,0x00000000f4180000)
 ParOldGen       total 133632K, used 33660K [0x0000000080000000, 0x0000000088280000, 0x00000000d5580000)
  object space 133632K, 25% used [0x0000000080000000,0x00000000820df2f0,0x0000000088280000)
 Metaspace       used 56844K, capacity 58950K, committed 59160K, reserved 1099776K
  class space    used 7694K, capacity 8173K, committed 8240K, reserved 1048576K
}
Event: 7.259 GC heap before
{Heap before GC invocations=13 (full 3):
 PSYoungGen      total 384000K, used 360960K [0x00000000d5580000, 0x00000000f4180000, 0x0000000100000000)
  eden space 360960K, 100% used [0x00000000d5580000,0x00000000eb600000,0x00000000eb600000)
  from space 23040K, 0% used [0x00000000eb600000,0x00000000eb600000,0x00000000ecc80000)
  to   space 25088K, 0% used [0x00000000f2900000,0x00000000f2900000,0x00000000f4180000)
 ParOldGen       total 133632K, used 33660K [0x0000000080000000, 0x0000000088280000, 0x00000000d5580000)
  object space 133632K, 25% used [0x0000000080000000,0x00000000820df2f0,0x0000000088280000)
 Metaspace       used 74293K, capacity 78502K, committed 78616K, reserved 1116160K
  class space    used 10257K, capacity 11010K, committed 11056K, reserved 1048576K
Event: 7.278 GC heap after
Heap after GC invocations=13 (full 3):
 PSYoungGen      total 456704K, used 25070K [0x00000000d5580000, 0x00000000f4180000, 0x0000000100000000)
  eden space 431616K, 0% used [0x00000000d5580000,0x00000000d5580000,0x00000000efb00000)
  from space 25088K, 99% used [0x00000000f2900000,0x00000000f417b9e8,0x00000000f4180000)
  to   space 30720K, 0% used [0x00000000f0580000,0x00000000f0580000,0x00000000f2380000)
 ParOldGen       total 133632K, used 38281K [0x0000000080000000, 0x0000000088280000, 0x00000000d5580000)
  object space 133632K, 28% used [0x0000000080000000,0x00000000825624c0,0x0000000088280000)
 Metaspace       used 74293K, capacity 78502K, committed 78616K, reserved 1116160K
  class space    used 10257K, capacity 11010K, committed 11056K, reserved 1048576K
}
Event: 10070.440 GC heap before
{Heap before GC invocations=14 (full 3):
 PSYoungGen      total 456704K, used 456686K [0x00000000d5580000, 0x00000000f4180000, 0x0000000100000000)
  eden space 431616K, 100% used [0x00000000d5580000,0x00000000efb00000,0x00000000efb00000)
  from space 25088K, 99% used [0x00000000f2900000,0x00000000f417b9e8,0x00000000f4180000)
  to   space 30720K, 0% used [0x00000000f0580000,0x00000000f0580000,0x00000000f2380000)
 ParOldGen       total 133632K, used 38281K [0x0000000080000000, 0x0000000088280000, 0x00000000d5580000)
  object space 133632K, 28% used [0x0000000080000000,0x00000000825624c0,0x0000000088280000)
 Metaspace       used 86252K, capacity 91374K, committed 91544K, reserved 1128448K
  class space    used 11400K, capacity 12367K, committed 12464K, reserved 1048576K
Event: 10070.545 GC heap after
Heap after GC invocations=14 (full 3):
 PSYoungGen      total 473088K, used 30691K [0x00000000d5580000, 0x00000000f8800000, 0x0000000100000000)
  eden space 442368K, 0% used [0x00000000d5580000,0x00000000d5580000,0x00000000f0580000)
  from space 30720K, 99% used [0x00000000f0580000,0x00000000f2378cf8,0x00000000f2380000)
  to   space 37888K, 0% used [0x00000000f6300000,0x00000000f6300000,0x00000000f8800000)
 ParOldGen       total 133632K, used 45647K [0x0000000080000000, 0x0000000088280000, 0x00000000d5580000)
  object space 133632K, 34% used [0x0000000080000000,0x0000000082c93de0,0x0000000088280000)
 Metaspace       used 86252K, capacity 91374K, committed 91544K, reserved 1128448K
  class space    used 11400K, capacity 12367K, committed 12464K, reserved 1048576K
}
Event: 19483.306 GC heap before
{Heap before GC invocations=15 (full 3):
 PSYoungGen      total 473088K, used 460403K [0x00000000d5580000, 0x00000000f8800000, 0x0000000100000000)
  eden space 442368K, 97% used [0x00000000d5580000,0x00000000ef924280,0x00000000f0580000)
  from space 30720K, 99% used [0x00000000f0580000,0x00000000f2378cf8,0x00000000f2380000)
  to   space 37888K, 0% used [0x00000000f6300000,0x00000000f6300000,0x00000000f8800000)
 ParOldGen       total 133632K, used 45647K [0x0000000080000000, 0x0000000088280000, 0x00000000d5580000)
  object space 133632K, 34% used [0x0000000080000000,0x0000000082c93de0,0x0000000088280000)
 Metaspace       used 92996K, capacity 98550K, committed 98600K, reserved 1134592K
  class space    used 12100K, capacity 13184K, committed 13232K, reserved 1048576K
Event: 19483.455 GC heap after
Heap after GC invocations=15 (full 3):
 PSYoungGen      total 532992K, used 17324K [0x00000000d5580000, 0x00000000f8400000, 0x0000000100000000)
  eden space 499200K, 0% used [0x00000000d5580000,0x00000000d5580000,0x00000000f3d00000)
  from space 33792K, 51% used [0x00000000f6300000,0x00000000f73eb370,0x00000000f8400000)
  to   space 36352K, 0% used [0x00000000f3d00000,0x00000000f3d00000,0x00000000f6080000)
 ParOldGen       total 133632K, used 61926K [0x0000000080000000, 0x0000000088280000, 0x00000000d5580000)
  object space 133632K, 46% used [0x0000000080000000,0x0000000083c79828,0x0000000088280000)
 Metaspace       used 92996K, capacity 98550K, committed 98600K, reserved 1134592K
  class space    used 12100K, capacity 13184K, committed 13232K, reserved 1048576K
}
Event: 19483.455 GC heap before
{Heap before GC invocations=16 (full 4):
 PSYoungGen      total 532992K, used 17324K [0x00000000d5580000, 0x00000000f8400000, 0x0000000100000000)
  eden space 499200K, 0% used [0x00000000d5580000,0x00000000d5580000,0x00000000f3d00000)
  from space 33792K, 51% used [0x00000000f6300000,0x00000000f73eb370,0x00000000f8400000)
  to   space 36352K, 0% used [0x00000000f3d00000,0x00000000f3d00000,0x00000000f6080000)
 ParOldGen       total 133632K, used 61926K [0x0000000080000000, 0x0000000088280000, 0x00000000d5580000)
  object space 133632K, 46% used [0x0000000080000000,0x0000000083c79828,0x0000000088280000)
 Metaspace       used 92996K, capacity 98550K, committed 98600K, reserved 1134592K
  class space    used 12100K, capacity 13184K, committed 13232K, reserved 1048576K
Event: 19483.989 GC heap after
Heap after GC invocations=16 (full 4):
 PSYoungGen      total 532992K, used 0K [0x00000000d5580000, 0x00000000f8400000, 0x0000000100000000)
  eden space 499200K, 0% used [0x00000000d5580000,0x00000000d5580000,0x00000000f3d00000)
  from space 33792K, 0% used [0x00000000f6300000,0x00000000f6300000,0x00000000f8400000)
  to   space 36352K, 0% used [0x00000000f3d00000,0x00000000f3d00000,0x00000000f6080000)
 ParOldGen       total 189952K, used 45235K [0x0000000080000000, 0x000000008b980000, 0x00000000d5580000)
  object space 189952K, 23% used [0x0000000080000000,0x0000000082c2cf00,0x000000008b980000)
 Metaspace       used 90825K, capacity 93824K, committed 98600K, reserved 1134592K
  class space    used 11605K, capacity 12252K, committed 13232K, reserved 1048576K
}

