# JRE version: OpenJDK Runtime Environment (8.0_242-b01) (build 1.8.0_242-release-1644-b01)
# Java VM: OpenJDK 64-Bit Server VM (25.242-b01 mixed mode windows-amd64 compressed oops)
Heap:
 PSYoungGen      total 384512K, used 128569K [0x00000000d5580000, 0x00000000f2080000, 0x0000000100000000)
  eden space 355328K, 33% used [0x00000000d5580000,0x00000000dc8b7950,0x00000000eb080000)
  from space 29184K, 36% used [0x00000000eb080000,0x00000000ebad6ad0,0x00000000ecd00000)
  to   space 28160K, 0% used [0x00000000f0500000,0x00000000f0500000,0x00000000f2080000)
 ParOldGen       total 117760K, used 49593K [0x0000000080000000, 0x0000000087300000, 0x00000000d5580000)
  object space 117760K, 42% used [0x0000000080000000,0x000000008306e400,0x0000000087300000)
 Metaspace       used 88400K, capacity 93778K, committed 93848K, reserved 1130496K
  class space    used 11987K, capacity 12926K, committed 12976K, reserved 1048576K
GC Heap History (10 events):
Event: 6.936 GC heap before
{Heap before GC invocations=12 (full 2):
 PSYoungGen      total 239104K, used 76067K [0x00000000d5580000, 0x00000000ea200000, 0x0000000100000000)
  eden space 224256K, 27% used [0x00000000d5580000,0x00000000d914d8f0,0x00000000e3080000)
  from space 14848K, 99% used [0x00000000e3080000,0x00000000e3efb4d8,0x00000000e3f00000)
  to   space 21504K, 0% used [0x00000000e8d00000,0x00000000e8d00000,0x00000000ea200000)
 ParOldGen       total 78336K, used 26915K [0x0000000080000000, 0x0000000084c80000, 0x00000000d5580000)
  object space 78336K, 34% used [0x0000000080000000,0x0000000081a48dc0,0x0000000084c80000)
 Metaspace       used 57038K, capacity 59138K, committed 59160K, reserved 1099776K
  class space    used 7741K, capacity 8234K, committed 8240K, reserved 1048576K
Event: 6.946 GC heap after
Heap after GC invocations=12 (full 2):
 PSYoungGen      total 316416K, used 20248K [0x00000000d5580000, 0x00000000ea600000, 0x0000000100000000)
  eden space 294912K, 0% used [0x00000000d5580000,0x00000000d5580000,0x00000000e7580000)
  from space 21504K, 94% used [0x00000000e8d00000,0x00000000ea0c61d0,0x00000000ea200000)
  to   space 24064K, 0% used [0x00000000e7580000,0x00000000e7580000,0x00000000e8d00000)
 ParOldGen       total 78336K, used 26923K [0x0000000080000000, 0x0000000084c80000, 0x00000000d5580000)
  object space 78336K, 34% used [0x0000000080000000,0x0000000081a4adc0,0x0000000084c80000)
 Metaspace       used 57038K, capacity 59138K, committed 59160K, reserved 1099776K
  class space    used 7741K, capacity 8234K, committed 8240K, reserved 1048576K
}
Event: 6.946 GC heap before
{Heap before GC invocations=13 (full 3):
 PSYoungGen      total 316416K, used 20248K [0x00000000d5580000, 0x00000000ea600000, 0x0000000100000000)
  eden space 294912K, 0% used [0x00000000d5580000,0x00000000d5580000,0x00000000e7580000)
  from space 21504K, 94% used [0x00000000e8d00000,0x00000000ea0c61d0,0x00000000ea200000)
  to   space 24064K, 0% used [0x00000000e7580000,0x00000000e7580000,0x00000000e8d00000)
 ParOldGen       total 78336K, used 26923K [0x0000000080000000, 0x0000000084c80000, 0x00000000d5580000)
  object space 78336K, 34% used [0x0000000080000000,0x0000000081a4adc0,0x0000000084c80000)
 Metaspace       used 57038K, capacity 59138K, committed 59160K, reserved 1099776K
  class space    used 7741K, capacity 8234K, committed 8240K, reserved 1048576K
Event: 7.085 GC heap after
Heap after GC invocations=13 (full 3):
 PSYoungGen      total 316416K, used 0K [0x00000000d5580000, 0x00000000ea600000, 0x0000000100000000)
  eden space 294912K, 0% used [0x00000000d5580000,0x00000000d5580000,0x00000000e7580000)
  from space 21504K, 0% used [0x00000000e8d00000,0x00000000e8d00000,0x00000000ea200000)
  to   space 24064K, 0% used [0x00000000e7580000,0x00000000e7580000,0x00000000e8d00000)
 ParOldGen       total 117760K, used 32732K [0x0000000080000000, 0x0000000087300000, 0x00000000d5580000)
  object space 117760K, 27% used [0x0000000080000000,0x0000000081ff7290,0x0000000087300000)
 Metaspace       used 57029K, capacity 59108K, committed 59160K, reserved 1099776K
  class space    used 7738K, capacity 8229K, committed 8240K, reserved 1048576K
}
Event: 8.809 GC heap before
{Heap before GC invocations=14 (full 3):
 PSYoungGen      total 316416K, used 294912K [0x00000000d5580000, 0x00000000ea600000, 0x0000000100000000)
  eden space 294912K, 100% used [0x00000000d5580000,0x00000000e7580000,0x00000000e7580000)
  from space 21504K, 0% used [0x00000000e8d00000,0x00000000e8d00000,0x00000000ea200000)
  to   space 24064K, 0% used [0x00000000e7580000,0x00000000e7580000,0x00000000e8d00000)
 ParOldGen       total 117760K, used 32732K [0x0000000080000000, 0x0000000087300000, 0x00000000d5580000)
  object space 117760K, 27% used [0x0000000080000000,0x0000000081ff7290,0x0000000087300000)
 Metaspace       used 69086K, capacity 72490K, committed 72600K, reserved 1112064K
  class space    used 9489K, capacity 10128K, committed 10160K, reserved 1048576K
Event: 8.823 GC heap after
Heap after GC invocations=14 (full 3):
 PSYoungGen      total 318976K, used 24035K [0x00000000d5580000, 0x00000000ef200000, 0x0000000100000000)
  eden space 294912K, 0% used [0x00000000d5580000,0x00000000d5580000,0x00000000e7580000)
  from space 24064K, 99% used [0x00000000e7580000,0x00000000e8cf8f60,0x00000000e8d00000)
  to   space 28160K, 0% used [0x00000000ed680000,0x00000000ed680000,0x00000000ef200000)
 ParOldGen       total 117760K, used 34593K [0x0000000080000000, 0x0000000087300000, 0x00000000d5580000)
  object space 117760K, 29% used [0x0000000080000000,0x00000000821c84a8,0x0000000087300000)
 Metaspace       used 69086K, capacity 72490K, committed 72600K, reserved 1112064K
  class space    used 9489K, capacity 10128K, committed 10160K, reserved 1048576K
}
Event: 105.998 GC heap before
{Heap before GC invocations=15 (full 3):
 PSYoungGen      total 318976K, used 318947K [0x00000000d5580000, 0x00000000ef200000, 0x0000000100000000)
  eden space 294912K, 100% used [0x00000000d5580000,0x00000000e7580000,0x00000000e7580000)
  from space 24064K, 99% used [0x00000000e7580000,0x00000000e8cf8f60,0x00000000e8d00000)
  to   space 28160K, 0% used [0x00000000ed680000,0x00000000ed680000,0x00000000ef200000)
 ParOldGen       total 117760K, used 34593K [0x0000000080000000, 0x0000000087300000, 0x00000000d5580000)
  object space 117760K, 29% used [0x0000000080000000,0x00000000821c84a8,0x0000000087300000)
 Metaspace       used 86725K, capacity 91382K, committed 91672K, reserved 1128448K
  class space    used 11881K, capacity 12736K, committed 12848K, reserved 1048576K
Event: 106.034 GC heap after
Heap after GC invocations=15 (full 3):
 PSYoungGen      total 374272K, used 18961K [0x00000000d5580000, 0x00000000ee980000, 0x0000000100000000)
  eden space 354816K, 0% used [0x00000000d5580000,0x00000000d5580000,0x00000000eb000000)
  from space 19456K, 97% used [0x00000000ed680000,0x00000000ee904470,0x00000000ee980000)
  to   space 29184K, 0% used [0x00000000eb080000,0x00000000eb080000,0x00000000ecd00000)
 ParOldGen       total 117760K, used 49585K [0x0000000080000000, 0x0000000087300000, 0x00000000d5580000)
  object space 117760K, 42% used [0x0000000080000000,0x000000008306c400,0x0000000087300000)
 Metaspace       used 86725K, capacity 91382K, committed 91672K, reserved 1128448K
  class space    used 11881K, capacity 12736K, committed 12848K, reserved 1048576K
}
Event: 244.362 GC heap before
{Heap before GC invocations=16 (full 3):
 PSYoungGen      total 374272K, used 373777K [0x00000000d5580000, 0x00000000ee980000, 0x0000000100000000)
  eden space 354816K, 100% used [0x00000000d5580000,0x00000000eb000000,0x00000000eb000000)
  from space 19456K, 97% used [0x00000000ed680000,0x00000000ee904470,0x00000000ee980000)
  to   space 29184K, 0% used [0x00000000eb080000,0x00000000eb080000,0x00000000ecd00000)
 ParOldGen       total 117760K, used 49585K [0x0000000080000000, 0x0000000087300000, 0x00000000d5580000)
  object space 117760K, 42% used [0x0000000080000000,0x000000008306c400,0x0000000087300000)
 Metaspace       used 88103K, capacity 93316K, committed 93592K, reserved 1130496K
  class space    used 11969K, capacity 12893K, committed 12976K, reserved 1048576K
Event: 244.372 GC heap after
Heap after GC invocations=16 (full 3):
 PSYoungGen      total 384512K, used 10586K [0x00000000d5580000, 0x00000000f2080000, 0x0000000100000000)
  eden space 355328K, 0% used [0x00000000d5580000,0x00000000d5580000,0x00000000eb080000)
  from space 29184K, 36% used [0x00000000eb080000,0x00000000ebad6ad0,0x00000000ecd00000)
  to   space 28160K, 0% used [0x00000000f0500000,0x00000000f0500000,0x00000000f2080000)
 ParOldGen       total 117760K, used 49593K [0x0000000080000000, 0x0000000087300000, 0x00000000d5580000)
  object space 117760K, 42% used [0x0000000080000000,0x000000008306e400,0x0000000087300000)
 Metaspace       used 88103K, capacity 93316K, committed 93592K, reserved 1130496K
  class space    used 11969K, capacity 12893K, committed 12976K, reserved 1048576K
}

