# JRE version: OpenJDK Runtime Environment (8.0_242-b01) (build 1.8.0_242-release-1644-b01)
# Java VM: OpenJDK 64-Bit Server VM (25.242-b01 mixed mode windows-amd64 compressed oops)
Heap:
 PSYoungGen      total 37888K, used 27386K [0x00000000d6700000, 0x00000000d9100000, 0x0000000100000000)
  eden space 32768K, 83% used [0x00000000d6700000,0x00000000d81beb90,0x00000000d8700000)
  from space 5120K, 0% used [0x00000000d8700000,0x00000000d8700000,0x00000000d8c00000)
  to   space 5120K, 0% used [0x00000000d8c00000,0x00000000d8c00000,0x00000000d9100000)
 ParOldGen       total 68096K, used 9223K [0x0000000083400000, 0x0000000087680000, 0x00000000d6700000)
  object space 68096K, 13% used [0x0000000083400000,0x0000000083d01fb8,0x0000000087680000)
 Metaspace       used 23004K, capacity 23442K, committed 23680K, reserved 1071104K
  class space    used 2716K, capacity 2866K, committed 2944K, reserved 1048576K
GC Heap History (8 events):
Event: 0.893 GC heap before
{Heap before GC invocations=1 (full 0):
 PSYoungGen      total 37888K, used 32768K [0x00000000d6700000, 0x00000000d9100000, 0x0000000100000000)
  eden space 32768K, 100% used [0x00000000d6700000,0x00000000d8700000,0x00000000d8700000)
  from space 5120K, 0% used [0x00000000d8c00000,0x00000000d8c00000,0x00000000d9100000)
  to   space 5120K, 0% used [0x00000000d8700000,0x00000000d8700000,0x00000000d8c00000)
 ParOldGen       total 86016K, used 0K [0x0000000083400000, 0x0000000088800000, 0x00000000d6700000)
  object space 86016K, 0% used [0x0000000083400000,0x0000000083400000,0x0000000088800000)
 Metaspace       used 10209K, capacity 10396K, committed 10624K, reserved 1058816K
  class space    used 1076K, capacity 1148K, committed 1152K, reserved 1048576K
Event: 0.899 GC heap after
Heap after GC invocations=1 (full 0):
 PSYoungGen      total 37888K, used 5111K [0x00000000d6700000, 0x00000000d9100000, 0x0000000100000000)
  eden space 32768K, 0% used [0x00000000d6700000,0x00000000d6700000,0x00000000d8700000)
  from space 5120K, 99% used [0x00000000d8700000,0x00000000d8bfdcd0,0x00000000d8c00000)
  to   space 5120K, 0% used [0x00000000d8c00000,0x00000000d8c00000,0x00000000d9100000)
 ParOldGen       total 86016K, used 2439K [0x0000000083400000, 0x0000000088800000, 0x00000000d6700000)
  object space 86016K, 2% used [0x0000000083400000,0x0000000083661df8,0x0000000088800000)
 Metaspace       used 10209K, capacity 10396K, committed 10624K, reserved 1058816K
  class space    used 1076K, capacity 1148K, committed 1152K, reserved 1048576K
}
Event: 1.687 GC heap before
{Heap before GC invocations=2 (full 0):
 PSYoungGen      total 37888K, used 37879K [0x00000000d6700000, 0x00000000d9100000, 0x0000000100000000)
  eden space 32768K, 100% used [0x00000000d6700000,0x00000000d8700000,0x00000000d8700000)
  from space 5120K, 99% used [0x00000000d8700000,0x00000000d8bfdcd0,0x00000000d8c00000)
  to   space 5120K, 0% used [0x00000000d8c00000,0x00000000d8c00000,0x00000000d9100000)
 ParOldGen       total 86016K, used 2439K [0x0000000083400000, 0x0000000088800000, 0x00000000d6700000)
  object space 86016K, 2% used [0x0000000083400000,0x0000000083661df8,0x0000000088800000)
 Metaspace       used 15826K, capacity 16194K, committed 16256K, reserved 1062912K
  class space    used 1810K, capacity 1913K, committed 1920K, reserved 1048576K
Event: 1.695 GC heap after
Heap after GC invocations=2 (full 0):
 PSYoungGen      total 37888K, used 5108K [0x00000000d6700000, 0x00000000d9100000, 0x0000000100000000)
  eden space 32768K, 0% used [0x00000000d6700000,0x00000000d6700000,0x00000000d8700000)
  from space 5120K, 99% used [0x00000000d8c00000,0x00000000d90fd120,0x00000000d9100000)
  to   space 5120K, 0% used [0x00000000d8700000,0x00000000d8700000,0x00000000d8c00000)
 ParOldGen       total 86016K, used 7345K [0x0000000083400000, 0x0000000088800000, 0x00000000d6700000)
  object space 86016K, 8% used [0x0000000083400000,0x0000000083b2c728,0x0000000088800000)
 Metaspace       used 15826K, capacity 16194K, committed 16256K, reserved 1062912K
  class space    used 1810K, capacity 1913K, committed 1920K, reserved 1048576K
}
Event: 2.193 GC heap before
{Heap before GC invocations=3 (full 0):
 PSYoungGen      total 37888K, used 25099K [0x00000000d6700000, 0x00000000d9100000, 0x0000000100000000)
  eden space 32768K, 61% used [0x00000000d6700000,0x00000000d7a85ed8,0x00000000d8700000)
  from space 5120K, 99% used [0x00000000d8c00000,0x00000000d90fd120,0x00000000d9100000)
  to   space 5120K, 0% used [0x00000000d8700000,0x00000000d8700000,0x00000000d8c00000)
 ParOldGen       total 86016K, used 7345K [0x0000000083400000, 0x0000000088800000, 0x00000000d6700000)
  object space 86016K, 8% used [0x0000000083400000,0x0000000083b2c728,0x0000000088800000)
 Metaspace       used 20763K, capacity 21204K, committed 21248K, reserved 1069056K
  class space    used 2413K, capacity 2558K, committed 2560K, reserved 1048576K
Event: 2.199 GC heap after
Heap after GC invocations=3 (full 0):
 PSYoungGen      total 37888K, used 5112K [0x00000000d6700000, 0x00000000d9100000, 0x0000000100000000)
  eden space 32768K, 0% used [0x00000000d6700000,0x00000000d6700000,0x00000000d8700000)
  from space 5120K, 99% used [0x00000000d8700000,0x00000000d8bfe150,0x00000000d8c00000)
  to   space 5120K, 0% used [0x00000000d8c00000,0x00000000d8c00000,0x00000000d9100000)
 ParOldGen       total 86016K, used 11611K [0x0000000083400000, 0x0000000088800000, 0x00000000d6700000)
  object space 86016K, 13% used [0x0000000083400000,0x0000000083f56f68,0x0000000088800000)
 Metaspace       used 20763K, capacity 21204K, committed 21248K, reserved 1069056K
  class space    used 2413K, capacity 2558K, committed 2560K, reserved 1048576K
}
Event: 2.199 GC heap before
{Heap before GC invocations=4 (full 1):
 PSYoungGen      total 37888K, used 5112K [0x00000000d6700000, 0x00000000d9100000, 0x0000000100000000)
  eden space 32768K, 0% used [0x00000000d6700000,0x00000000d6700000,0x00000000d8700000)
  from space 5120K, 99% used [0x00000000d8700000,0x00000000d8bfe150,0x00000000d8c00000)
  to   space 5120K, 0% used [0x00000000d8c00000,0x00000000d8c00000,0x00000000d9100000)
 ParOldGen       total 86016K, used 11611K [0x0000000083400000, 0x0000000088800000, 0x00000000d6700000)
  object space 86016K, 13% used [0x0000000083400000,0x0000000083f56f68,0x0000000088800000)
 Metaspace       used 20763K, capacity 21204K, committed 21248K, reserved 1069056K
  class space    used 2413K, capacity 2558K, committed 2560K, reserved 1048576K
Event: 2.232 GC heap after
Heap after GC invocations=4 (full 1):
 PSYoungGen      total 37888K, used 0K [0x00000000d6700000, 0x00000000d9100000, 0x0000000100000000)
  eden space 32768K, 0% used [0x00000000d6700000,0x00000000d6700000,0x00000000d8700000)
  from space 5120K, 0% used [0x00000000d8700000,0x00000000d8700000,0x00000000d8c00000)
  to   space 5120K, 0% used [0x00000000d8c00000,0x00000000d8c00000,0x00000000d9100000)
 ParOldGen       total 68096K, used 9223K [0x0000000083400000, 0x0000000087680000, 0x00000000d6700000)
  object space 68096K, 13% used [0x0000000083400000,0x0000000083d01fb8,0x0000000087680000)
 Metaspace       used 20763K, capacity 21204K, committed 21248K, reserved 1069056K
  class space    used 2413K, capacity 2558K, committed 2560K, reserved 1048576K
}

