# JRE version: OpenJDK Runtime Environment (8.0_242-b01) (build 1.8.0_242-release-1644-b01)
# Java VM: OpenJDK 64-Bit Server VM (25.242-b01 mixed mode windows-amd64 compressed oops)
Heap:
 PSYoungGen      total 664576K, used 293026K [0x00000000d5580000, 0x00000000ffe00000, 0x0000000100000000)
  eden space 631296K, 44% used [0x00000000d5580000,0x00000000e6aab478,0x00000000fbe00000)
  from space 33280K, 27% used [0x00000000fbe00000,0x00000000fc6fd780,0x00000000fde80000)
  to   space 31744K, 0% used [0x00000000fdf00000,0x00000000fdf00000,0x00000000ffe00000)
 ParOldGen       total 192000K, used 150162K [0x0000000080000000, 0x000000008bb80000, 0x00000000d5580000)
  object space 192000K, 78% used [0x0000000080000000,0x00000000892a4a28,0x000000008bb80000)
 Metaspace       used 88466K, capacity 92544K, committed 94616K, reserved 1130496K
  class space    used 11939K, capacity 12707K, committed 13232K, reserved 1048576K
GC Heap History (10 events):
Event: 12.646 GC heap before
{Heap before GC invocations=25 (full 4):
 PSYoungGen      total 590336K, used 563833K [0x00000000d5580000, 0x00000000fc400000, 0x0000000100000000)
  eden space 553984K, 100% used [0x00000000d5580000,0x00000000f7280000,0x00000000f7280000)
  from space 36352K, 27% used [0x00000000f9500000,0x00000000f9e9e578,0x00000000fb880000)
  to   space 35328K, 0% used [0x00000000f7280000,0x00000000f7280000,0x00000000f9500000)
 ParOldGen       total 192000K, used 115371K [0x0000000080000000, 0x000000008bb80000, 0x00000000d5580000)
  object space 192000K, 60% used [0x0000000080000000,0x00000000870aad78,0x000000008bb80000)
 Metaspace       used 85137K, capacity 88846K, committed 91672K, reserved 1128448K
  class space    used 11519K, capacity 12236K, committed 12848K, reserved 1048576K
Event: 12.689 GC heap after
Heap after GC invocations=25 (full 4):
 PSYoungGen      total 589312K, used 11561K [0x00000000d5580000, 0x00000000ffb00000, 0x0000000100000000)
  eden space 553984K, 0% used [0x00000000d5580000,0x00000000d5580000,0x00000000f7280000)
  from space 35328K, 32% used [0x00000000f7280000,0x00000000f7dca720,0x00000000f9500000)
  to   space 33280K, 0% used [0x00000000fda80000,0x00000000fda80000,0x00000000ffb00000)
 ParOldGen       total 192000K, used 123727K [0x0000000080000000, 0x000000008bb80000, 0x00000000d5580000)
  object space 192000K, 64% used [0x0000000080000000,0x00000000878d3d68,0x000000008bb80000)
 Metaspace       used 85137K, capacity 88846K, committed 91672K, reserved 1128448K
  class space    used 11519K, capacity 12236K, committed 12848K, reserved 1048576K
}
Event: 13.564 GC heap before
{Heap before GC invocations=26 (full 4):
 PSYoungGen      total 589312K, used 565545K [0x00000000d5580000, 0x00000000ffb00000, 0x0000000100000000)
  eden space 553984K, 100% used [0x00000000d5580000,0x00000000f7280000,0x00000000f7280000)
  from space 35328K, 32% used [0x00000000f7280000,0x00000000f7dca720,0x00000000f9500000)
  to   space 33280K, 0% used [0x00000000fda80000,0x00000000fda80000,0x00000000ffb00000)
 ParOldGen       total 192000K, used 123727K [0x0000000080000000, 0x000000008bb80000, 0x00000000d5580000)
  object space 192000K, 64% used [0x0000000080000000,0x00000000878d3d68,0x000000008bb80000)
 Metaspace       used 85687K, capacity 89468K, committed 92312K, reserved 1128448K
  class space    used 11590K, capacity 12307K, committed 12976K, reserved 1048576K
Event: 13.580 GC heap after
Heap after GC invocations=26 (full 4):
 PSYoungGen      total 660480K, used 5261K [0x00000000d5580000, 0x00000000ffe00000, 0x0000000100000000)
  eden space 627200K, 0% used [0x00000000d5580000,0x00000000d5580000,0x00000000fba00000)
  from space 33280K, 15% used [0x00000000fda80000,0x00000000fdfa36f0,0x00000000ffb00000)
  to   space 33280K, 0% used [0x00000000fba00000,0x00000000fba00000,0x00000000fda80000)
 ParOldGen       total 192000K, used 132747K [0x0000000080000000, 0x000000008bb80000, 0x00000000d5580000)
  object space 192000K, 69% used [0x0000000080000000,0x00000000881a2da8,0x000000008bb80000)
 Metaspace       used 85687K, capacity 89468K, committed 92312K, reserved 1128448K
  class space    used 11590K, capacity 12307K, committed 12976K, reserved 1048576K
}
Event: 14.040 GC heap before
{Heap before GC invocations=27 (full 4):
 PSYoungGen      total 660480K, used 632461K [0x00000000d5580000, 0x00000000ffe00000, 0x0000000100000000)
  eden space 627200K, 100% used [0x00000000d5580000,0x00000000fba00000,0x00000000fba00000)
  from space 33280K, 15% used [0x00000000fda80000,0x00000000fdfa36f0,0x00000000ffb00000)
  to   space 33280K, 0% used [0x00000000fba00000,0x00000000fba00000,0x00000000fda80000)
 ParOldGen       total 192000K, used 132747K [0x0000000080000000, 0x000000008bb80000, 0x00000000d5580000)
  object space 192000K, 69% used [0x0000000080000000,0x00000000881a2da8,0x000000008bb80000)
 Metaspace       used 86128K, capacity 89972K, committed 92568K, reserved 1128448K
  class space    used 11638K, capacity 12367K, committed 12976K, reserved 1048576K
Event: 14.052 GC heap after
Heap after GC invocations=27 (full 4):
 PSYoungGen      total 660480K, used 7250K [0x00000000d5580000, 0x00000000ffe00000, 0x0000000100000000)
  eden space 627200K, 0% used [0x00000000d5580000,0x00000000d5580000,0x00000000fba00000)
  from space 33280K, 21% used [0x00000000fba00000,0x00000000fc1148f0,0x00000000fda80000)
  to   space 32256K, 0% used [0x00000000fde80000,0x00000000fde80000,0x00000000ffe00000)
 ParOldGen       total 192000K, used 136503K [0x0000000080000000, 0x000000008bb80000, 0x00000000d5580000)
  object space 192000K, 71% used [0x0000000080000000,0x000000008854dd28,0x000000008bb80000)
 Metaspace       used 86128K, capacity 89972K, committed 92568K, reserved 1128448K
  class space    used 11638K, capacity 12367K, committed 12976K, reserved 1048576K
}
Event: 14.707 GC heap before
{Heap before GC invocations=28 (full 4):
 PSYoungGen      total 660480K, used 634450K [0x00000000d5580000, 0x00000000ffe00000, 0x0000000100000000)
  eden space 627200K, 100% used [0x00000000d5580000,0x00000000fba00000,0x00000000fba00000)
  from space 33280K, 21% used [0x00000000fba00000,0x00000000fc1148f0,0x00000000fda80000)
  to   space 32256K, 0% used [0x00000000fde80000,0x00000000fde80000,0x00000000ffe00000)
 ParOldGen       total 192000K, used 136503K [0x0000000080000000, 0x000000008bb80000, 0x00000000d5580000)
  object space 192000K, 71% used [0x0000000080000000,0x000000008854dd28,0x000000008bb80000)
 Metaspace       used 86615K, capacity 90510K, committed 92824K, reserved 1128448K
  class space    used 11694K, capacity 12438K, committed 12976K, reserved 1048576K
Event: 14.730 GC heap after
Heap after GC invocations=28 (full 4):
 PSYoungGen      total 663552K, used 20392K [0x00000000d5580000, 0x0000000100000000, 0x0000000100000000)
  eden space 631296K, 0% used [0x00000000d5580000,0x00000000d5580000,0x00000000fbe00000)
  from space 32256K, 63% used [0x00000000fde80000,0x00000000ff26a140,0x00000000ffe00000)
  to   space 33280K, 0% used [0x00000000fbe00000,0x00000000fbe00000,0x00000000fde80000)
 ParOldGen       total 192000K, used 142090K [0x0000000080000000, 0x000000008bb80000, 0x00000000d5580000)
  object space 192000K, 74% used [0x0000000080000000,0x0000000088ac2a88,0x000000008bb80000)
 Metaspace       used 86615K, capacity 90510K, committed 92824K, reserved 1128448K
  class space    used 11694K, capacity 12438K, committed 12976K, reserved 1048576K
}
Event: 15.892 GC heap before
{Heap before GC invocations=29 (full 4):
 PSYoungGen      total 663552K, used 651688K [0x00000000d5580000, 0x0000000100000000, 0x0000000100000000)
  eden space 631296K, 100% used [0x00000000d5580000,0x00000000fbe00000,0x00000000fbe00000)
  from space 32256K, 63% used [0x00000000fde80000,0x00000000ff26a140,0x00000000ffe00000)
  to   space 33280K, 0% used [0x00000000fbe00000,0x00000000fbe00000,0x00000000fde80000)
 ParOldGen       total 192000K, used 142090K [0x0000000080000000, 0x000000008bb80000, 0x00000000d5580000)
  object space 192000K, 74% used [0x0000000080000000,0x0000000088ac2a88,0x000000008bb80000)
 Metaspace       used 86649K, capacity 90510K, committed 92824K, reserved 1128448K
  class space    used 11695K, capacity 12438K, committed 12976K, reserved 1048576K
Event: 15.904 GC heap after
Heap after GC invocations=29 (full 4):
 PSYoungGen      total 664576K, used 9205K [0x00000000d5580000, 0x00000000ffe00000, 0x0000000100000000)
  eden space 631296K, 0% used [0x00000000d5580000,0x00000000d5580000,0x00000000fbe00000)
  from space 33280K, 27% used [0x00000000fbe00000,0x00000000fc6fd780,0x00000000fde80000)
  to   space 31744K, 0% used [0x00000000fdf00000,0x00000000fdf00000,0x00000000ffe00000)
 ParOldGen       total 192000K, used 150162K [0x0000000080000000, 0x000000008bb80000, 0x00000000d5580000)
  object space 192000K, 78% used [0x0000000080000000,0x00000000892a4a28,0x000000008bb80000)
 Metaspace       used 86649K, capacity 90510K, committed 92824K, reserved 1128448K
  class space    used 11695K, capacity 12438K, committed 12976K, reserved 1048576K
}

