# JRE version: OpenJDK Runtime Environment (8.0_242-b01) (build 1.8.0_242-release-1644-b01)
# Java VM: OpenJDK 64-Bit Server VM (25.242-b01 mixed mode windows-amd64 compressed oops)
Heap:
 PSYoungGen      total 243712K, used 141590K [0x00000000d5580000, 0x00000000e5400000, 0x0000000100000000)
  eden space 230912K, 61% used [0x00000000d5580000,0x00000000ddfc5a90,0x00000000e3700000)
  from space 12800K, 0% used [0x00000000e4780000,0x00000000e4780000,0x00000000e5400000)
  to   space 14848K, 0% used [0x00000000e3700000,0x00000000e3700000,0x00000000e4580000)
 ParOldGen       total 78848K, used 15283K [0x0000000080000000, 0x0000000084d00000, 0x00000000d5580000)
  object space 78848K, 19% used [0x0000000080000000,0x0000000080eece48,0x0000000084d00000)
 Metaspace       used 36531K, capacity 38016K, committed 38184K, reserved 1081344K
  class space    used 5017K, capacity 5318K, committed 5424K, reserved 1048576K
GC Heap History (10 events):
Event: 2.024 GC heap before
{Heap before GC invocations=6 (full 0):
 PSYoungGen      total 70656K, used 9820K [0x00000000d5580000, 0x00000000ded80000, 0x0000000100000000)
  eden space 65536K, 7% used [0x00000000d5580000,0x00000000d5a1f068,0x00000000d9580000)
  from space 5120K, 99% used [0x00000000d9580000,0x00000000d9a78020,0x00000000d9a80000)
  to   space 12288K, 0% used [0x00000000de180000,0x00000000de180000,0x00000000ded80000)
 ParOldGen       total 86016K, used 9995K [0x0000000080000000, 0x0000000085400000, 0x00000000d5580000)
  object space 86016K, 11% used [0x0000000080000000,0x00000000809c2f48,0x0000000085400000)
 Metaspace       used 20583K, capacity 21236K, committed 21296K, reserved 1067008K
  class space    used 2875K, capacity 3080K, committed 3120K, reserved 1048576K
Event: 2.028 GC heap after
Heap after GC invocations=6 (full 0):
 PSYoungGen      total 142336K, used 5376K [0x00000000d5580000, 0x00000000dec80000, 0x0000000100000000)
  eden space 131072K, 0% used [0x00000000d5580000,0x00000000d5580000,0x00000000dd580000)
  from space 11264K, 47% used [0x00000000de180000,0x00000000de6c0020,0x00000000dec80000)
  to   space 11776K, 0% used [0x00000000dd580000,0x00000000dd580000,0x00000000de100000)
 ParOldGen       total 86016K, used 10003K [0x0000000080000000, 0x0000000085400000, 0x00000000d5580000)
  object space 86016K, 11% used [0x0000000080000000,0x00000000809c4f48,0x0000000085400000)
 Metaspace       used 20583K, capacity 21236K, committed 21296K, reserved 1067008K
  class space    used 2875K, capacity 3080K, committed 3120K, reserved 1048576K
}
Event: 2.028 GC heap before
{Heap before GC invocations=7 (full 1):
 PSYoungGen      total 142336K, used 5376K [0x00000000d5580000, 0x00000000dec80000, 0x0000000100000000)
  eden space 131072K, 0% used [0x00000000d5580000,0x00000000d5580000,0x00000000dd580000)
  from space 11264K, 47% used [0x00000000de180000,0x00000000de6c0020,0x00000000dec80000)
  to   space 11776K, 0% used [0x00000000dd580000,0x00000000dd580000,0x00000000de100000)
 ParOldGen       total 86016K, used 10003K [0x0000000080000000, 0x0000000085400000, 0x00000000d5580000)
  object space 86016K, 11% used [0x0000000080000000,0x00000000809c4f48,0x0000000085400000)
 Metaspace       used 20583K, capacity 21236K, committed 21296K, reserved 1067008K
  class space    used 2875K, capacity 3080K, committed 3120K, reserved 1048576K
Event: 2.056 GC heap after
Heap after GC invocations=7 (full 1):
 PSYoungGen      total 142336K, used 0K [0x00000000d5580000, 0x00000000dec80000, 0x0000000100000000)
  eden space 131072K, 0% used [0x00000000d5580000,0x00000000d5580000,0x00000000dd580000)
  from space 11264K, 0% used [0x00000000de180000,0x00000000de180000,0x00000000dec80000)
  to   space 11776K, 0% used [0x00000000dd580000,0x00000000dd580000,0x00000000de100000)
 ParOldGen       total 54784K, used 9118K [0x0000000080000000, 0x0000000083580000, 0x00000000d5580000)
  object space 54784K, 16% used [0x0000000080000000,0x00000000808e7ac8,0x0000000083580000)
 Metaspace       used 20583K, capacity 21236K, committed 21296K, reserved 1067008K
  class space    used 2875K, capacity 3080K, committed 3120K, reserved 1048576K
}
Event: 3.290 GC heap before
{Heap before GC invocations=8 (full 1):
 PSYoungGen      total 142336K, used 131072K [0x00000000d5580000, 0x00000000dec80000, 0x0000000100000000)
  eden space 131072K, 100% used [0x00000000d5580000,0x00000000dd580000,0x00000000dd580000)
  from space 11264K, 0% used [0x00000000de180000,0x00000000de180000,0x00000000dec80000)
  to   space 11776K, 0% used [0x00000000dd580000,0x00000000dd580000,0x00000000de100000)
 ParOldGen       total 54784K, used 9118K [0x0000000080000000, 0x0000000083580000, 0x00000000d5580000)
  object space 54784K, 16% used [0x0000000080000000,0x00000000808e7ac8,0x0000000083580000)
 Metaspace       used 32736K, capacity 33744K, committed 33968K, reserved 1079296K
  class space    used 4473K, capacity 4754K, committed 4784K, reserved 1048576K
Event: 3.302 GC heap after
Heap after GC invocations=8 (full 1):
 PSYoungGen      total 142848K, used 11769K [0x00000000d5580000, 0x00000000e5680000, 0x0000000100000000)
  eden space 131072K, 0% used [0x00000000d5580000,0x00000000d5580000,0x00000000dd580000)
  from space 11776K, 99% used [0x00000000dd580000,0x00000000de0fe438,0x00000000de100000)
  to   space 15360K, 0% used [0x00000000e4780000,0x00000000e4780000,0x00000000e5680000)
 ParOldGen       total 54784K, used 11898K [0x0000000080000000, 0x0000000083580000, 0x00000000d5580000)
  object space 54784K, 21% used [0x0000000080000000,0x0000000080b9ebb0,0x0000000083580000)
 Metaspace       used 32736K, capacity 33744K, committed 33968K, reserved 1079296K
  class space    used 4473K, capacity 4754K, committed 4784K, reserved 1048576K
}
Event: 3.581 GC heap before
{Heap before GC invocations=9 (full 1):
 PSYoungGen      total 142848K, used 45799K [0x00000000d5580000, 0x00000000e5680000, 0x0000000100000000)
  eden space 131072K, 25% used [0x00000000d5580000,0x00000000d76bbb20,0x00000000dd580000)
  from space 11776K, 99% used [0x00000000dd580000,0x00000000de0fe438,0x00000000de100000)
  to   space 15360K, 0% used [0x00000000e4780000,0x00000000e4780000,0x00000000e5680000)
 ParOldGen       total 54784K, used 11898K [0x0000000080000000, 0x0000000083580000, 0x00000000d5580000)
  object space 54784K, 21% used [0x0000000080000000,0x0000000080b9ebb0,0x0000000083580000)
 Metaspace       used 34341K, capacity 35426K, committed 35496K, reserved 1079296K
  class space    used 4731K, capacity 5006K, committed 5040K, reserved 1048576K
Event: 3.590 GC heap after
Heap after GC invocations=9 (full 1):
 PSYoungGen      total 243712K, used 8964K [0x00000000d5580000, 0x00000000e5400000, 0x0000000100000000)
  eden space 230912K, 0% used [0x00000000d5580000,0x00000000d5580000,0x00000000e3700000)
  from space 12800K, 70% used [0x00000000e4780000,0x00000000e5041300,0x00000000e5400000)
  to   space 14848K, 0% used [0x00000000e3700000,0x00000000e3700000,0x00000000e4580000)
 ParOldGen       total 54784K, used 11906K [0x0000000080000000, 0x0000000083580000, 0x00000000d5580000)
  object space 54784K, 21% used [0x0000000080000000,0x0000000080ba0bb0,0x0000000083580000)
 Metaspace       used 34341K, capacity 35426K, committed 35496K, reserved 1079296K
  class space    used 4731K, capacity 5006K, committed 5040K, reserved 1048576K
}
Event: 3.590 GC heap before
{Heap before GC invocations=10 (full 2):
 PSYoungGen      total 243712K, used 8964K [0x00000000d5580000, 0x00000000e5400000, 0x0000000100000000)
  eden space 230912K, 0% used [0x00000000d5580000,0x00000000d5580000,0x00000000e3700000)
  from space 12800K, 70% used [0x00000000e4780000,0x00000000e5041300,0x00000000e5400000)
  to   space 14848K, 0% used [0x00000000e3700000,0x00000000e3700000,0x00000000e4580000)
 ParOldGen       total 54784K, used 11906K [0x0000000080000000, 0x0000000083580000, 0x00000000d5580000)
  object space 54784K, 21% used [0x0000000080000000,0x0000000080ba0bb0,0x0000000083580000)
 Metaspace       used 34341K, capacity 35426K, committed 35496K, reserved 1079296K
  class space    used 4731K, capacity 5006K, committed 5040K, reserved 1048576K
Event: 3.680 GC heap after
Heap after GC invocations=10 (full 2):
 PSYoungGen      total 243712K, used 0K [0x00000000d5580000, 0x00000000e5400000, 0x0000000100000000)
  eden space 230912K, 0% used [0x00000000d5580000,0x00000000d5580000,0x00000000e3700000)
  from space 12800K, 0% used [0x00000000e4780000,0x00000000e4780000,0x00000000e5400000)
  to   space 14848K, 0% used [0x00000000e3700000,0x00000000e3700000,0x00000000e4580000)
 ParOldGen       total 78848K, used 15283K [0x0000000080000000, 0x0000000084d00000, 0x00000000d5580000)
  object space 78848K, 19% used [0x0000000080000000,0x0000000080eece48,0x0000000084d00000)
 Metaspace       used 34341K, capacity 35426K, committed 35496K, reserved 1079296K
  class space    used 4731K, capacity 5006K, committed 5040K, reserved 1048576K
}

