# JRE version: OpenJDK Runtime Environment (8.0_242-b01) (build 1.8.0_242-release-1644-b01)
# Java VM: OpenJDK 64-Bit Server VM (25.242-b01 mixed mode windows-amd64 compressed oops)
Heap:
 PSYoungGen      total 524288K, used 18129K [0x00000000d5580000, 0x00000000ff580000, 0x0000000100000000)
  eden space 493568K, 2% used [0x00000000d5580000,0x00000000d61cc460,0x00000000f3780000)
  from space 30720K, 18% used [0x00000000f3780000,0x00000000f3ce8000,0x00000000f5580000)
  to   space 45568K, 0% used [0x00000000fc900000,0x00000000fc900000,0x00000000ff580000)
 ParOldGen       total 155648K, used 107472K [0x0000000080000000, 0x0000000089800000, 0x00000000d5580000)
  object space 155648K, 69% used [0x0000000080000000,0x00000000868f43e0,0x0000000089800000)
 Metaspace       used 97498K, capacity 102102K, committed 103704K, reserved 1138688K
  class space    used 12835K, capacity 13696K, committed 14120K, reserved 1048576K
GC Heap History (10 events):
Event: 17.914 GC heap before
{Heap before GC invocations=17 (full 4):
 PSYoungGen      total 422400K, used 13206K [0x00000000d5580000, 0x00000000f7b80000, 0x0000000100000000)
  eden space 390656K, 0% used [0x00000000d5580000,0x00000000d5580000,0x00000000ed300000)
  from space 31744K, 41% used [0x00000000ed300000,0x00000000edfe59d8,0x00000000ef200000)
  to   space 30208K, 0% used [0x00000000f5e00000,0x00000000f5e00000,0x00000000f7b80000)
 ParOldGen       total 109056K, used 45986K [0x0000000080000000, 0x0000000086a80000, 0x00000000d5580000)
  object space 109056K, 42% used [0x0000000080000000,0x0000000082ce8bd8,0x0000000086a80000)
 Metaspace       used 92865K, capacity 98512K, committed 98584K, reserved 1134592K
  class space    used 12815K, capacity 13817K, committed 13864K, reserved 1048576K
Event: 18.141 GC heap after
Heap after GC invocations=17 (full 4):
 PSYoungGen      total 422400K, used 0K [0x00000000d5580000, 0x00000000f7b80000, 0x0000000100000000)
  eden space 390656K, 0% used [0x00000000d5580000,0x00000000d5580000,0x00000000ed300000)
  from space 31744K, 0% used [0x00000000ed300000,0x00000000ed300000,0x00000000ef200000)
  to   space 30208K, 0% used [0x00000000f5e00000,0x00000000f5e00000,0x00000000f7b80000)
 ParOldGen       total 155648K, used 54363K [0x0000000080000000, 0x0000000089800000, 0x00000000d5580000)
  object space 155648K, 34% used [0x0000000080000000,0x0000000083516c28,0x0000000089800000)
 Metaspace       used 91953K, capacity 95920K, committed 98584K, reserved 1134592K
  class space    used 12513K, capacity 13285K, committed 13864K, reserved 1048576K
}
Event: 1009.327 GC heap before
{Heap before GC invocations=18 (full 4):
 PSYoungGen      total 422400K, used 390656K [0x00000000d5580000, 0x00000000f7b80000, 0x0000000100000000)
  eden space 390656K, 100% used [0x00000000d5580000,0x00000000ed300000,0x00000000ed300000)
  from space 31744K, 0% used [0x00000000ed300000,0x00000000ed300000,0x00000000ef200000)
  to   space 30208K, 0% used [0x00000000f5e00000,0x00000000f5e00000,0x00000000f7b80000)
 ParOldGen       total 155648K, used 54363K [0x0000000080000000, 0x0000000089800000, 0x00000000d5580000)
  object space 155648K, 34% used [0x0000000080000000,0x0000000083516c28,0x0000000089800000)
 Metaspace       used 95246K, capacity 99562K, committed 101784K, reserved 1136640K
  class space    used 12664K, capacity 13482K, committed 13992K, reserved 1048576K
Event: 1009.393 GC heap after
Heap after GC invocations=18 (full 4):
 PSYoungGen      total 515584K, used 19605K [0x00000000d5580000, 0x00000000f7380000, 0x0000000100000000)
  eden space 493568K, 0% used [0x00000000d5580000,0x00000000d5580000,0x00000000f3780000)
  from space 22016K, 89% used [0x00000000f5e00000,0x00000000f7125588,0x00000000f7380000)
  to   space 30720K, 0% used [0x00000000f3780000,0x00000000f3780000,0x00000000f5580000)
 ParOldGen       total 155648K, used 54371K [0x0000000080000000, 0x0000000089800000, 0x00000000d5580000)
  object space 155648K, 34% used [0x0000000080000000,0x0000000083518c28,0x0000000089800000)
 Metaspace       used 95246K, capacity 99562K, committed 101784K, reserved 1136640K
  class space    used 12664K, capacity 13482K, committed 13992K, reserved 1048576K
}
Event: 1011.732 GC heap before
{Heap before GC invocations=19 (full 4):
 PSYoungGen      total 515584K, used 513173K [0x00000000d5580000, 0x00000000f7380000, 0x0000000100000000)
  eden space 493568K, 100% used [0x00000000d5580000,0x00000000f3780000,0x00000000f3780000)
  from space 22016K, 89% used [0x00000000f5e00000,0x00000000f7125588,0x00000000f7380000)
  to   space 30720K, 0% used [0x00000000f3780000,0x00000000f3780000,0x00000000f5580000)
 ParOldGen       total 155648K, used 54371K [0x0000000080000000, 0x0000000089800000, 0x00000000d5580000)
  object space 155648K, 34% used [0x0000000080000000,0x0000000083518c28,0x0000000089800000)
 Metaspace       used 97210K, capacity 101822K, committed 103448K, reserved 1138688K
  class space    used 12828K, capacity 13686K, committed 14120K, reserved 1048576K
Event: 1011.820 GC heap after
Heap after GC invocations=19 (full 4):
 PSYoungGen      total 524288K, used 30696K [0x00000000d5580000, 0x00000000f7380000, 0x0000000100000000)
  eden space 493568K, 0% used [0x00000000d5580000,0x00000000d5580000,0x00000000f3780000)
  from space 30720K, 99% used [0x00000000f3780000,0x00000000f557a2c0,0x00000000f5580000)
  to   space 22016K, 0% used [0x00000000f5e00000,0x00000000f5e00000,0x00000000f7380000)
 ParOldGen       total 155648K, used 74926K [0x0000000080000000, 0x0000000089800000, 0x00000000d5580000)
  object space 155648K, 48% used [0x0000000080000000,0x000000008492b8e8,0x0000000089800000)
 Metaspace       used 97210K, capacity 101822K, committed 103448K, reserved 1138688K
  class space    used 12828K, capacity 13686K, committed 14120K, reserved 1048576K
}
Event: 1012.916 GC heap before
{Heap before GC invocations=20 (full 4):
 PSYoungGen      total 524288K, used 524264K [0x00000000d5580000, 0x00000000f7380000, 0x0000000100000000)
  eden space 493568K, 100% used [0x00000000d5580000,0x00000000f3780000,0x00000000f3780000)
  from space 30720K, 99% used [0x00000000f3780000,0x00000000f557a2c0,0x00000000f5580000)
  to   space 22016K, 0% used [0x00000000f5e00000,0x00000000f5e00000,0x00000000f7380000)
 ParOldGen       total 155648K, used 74926K [0x0000000080000000, 0x0000000089800000, 0x00000000d5580000)
  object space 155648K, 48% used [0x0000000080000000,0x000000008492b8e8,0x0000000089800000)
 Metaspace       used 97410K, capacity 102004K, committed 103704K, reserved 1138688K
  class space    used 12829K, capacity 13689K, committed 14120K, reserved 1048576K
Event: 1012.969 GC heap after
Heap after GC invocations=20 (full 4):
 PSYoungGen      total 515584K, used 22000K [0x00000000d5580000, 0x00000000f7380000, 0x0000000100000000)
  eden space 493568K, 0% used [0x00000000d5580000,0x00000000d5580000,0x00000000f3780000)
  from space 22016K, 99% used [0x00000000f5e00000,0x00000000f737c220,0x00000000f7380000)
  to   space 30720K, 0% used [0x00000000f3780000,0x00000000f3780000,0x00000000f5580000)
 ParOldGen       total 155648K, used 86022K [0x0000000080000000, 0x0000000089800000, 0x00000000d5580000)
  object space 155648K, 55% used [0x0000000080000000,0x0000000085401ac8,0x0000000089800000)
 Metaspace       used 97410K, capacity 102004K, committed 103704K, reserved 1138688K
  class space    used 12829K, capacity 13689K, committed 14120K, reserved 1048576K
}
Event: 1013.962 GC heap before
{Heap before GC invocations=21 (full 4):
 PSYoungGen      total 515584K, used 515568K [0x00000000d5580000, 0x00000000f7380000, 0x0000000100000000)
  eden space 493568K, 100% used [0x00000000d5580000,0x00000000f3780000,0x00000000f3780000)
  from space 22016K, 99% used [0x00000000f5e00000,0x00000000f737c220,0x00000000f7380000)
  to   space 30720K, 0% used [0x00000000f3780000,0x00000000f3780000,0x00000000f5580000)
 ParOldGen       total 155648K, used 86022K [0x0000000080000000, 0x0000000089800000, 0x00000000d5580000)
  object space 155648K, 55% used [0x0000000080000000,0x0000000085401ac8,0x0000000089800000)
 Metaspace       used 97495K, capacity 102102K, committed 103704K, reserved 1138688K
  class space    used 12835K, capacity 13696K, committed 14120K, reserved 1048576K
Event: 1013.996 GC heap after
Heap after GC invocations=21 (full 4):
 PSYoungGen      total 524288K, used 5536K [0x00000000d5580000, 0x00000000ff580000, 0x0000000100000000)
  eden space 493568K, 0% used [0x00000000d5580000,0x00000000d5580000,0x00000000f3780000)
  from space 30720K, 18% used [0x00000000f3780000,0x00000000f3ce8000,0x00000000f5580000)
  to   space 45568K, 0% used [0x00000000fc900000,0x00000000fc900000,0x00000000ff580000)
 ParOldGen       total 155648K, used 107472K [0x0000000080000000, 0x0000000089800000, 0x00000000d5580000)
  object space 155648K, 69% used [0x0000000080000000,0x00000000868f43e0,0x0000000089800000)
 Metaspace       used 97495K, capacity 102102K, committed 103704K, reserved 1138688K
  class space    used 12835K, capacity 13696K, committed 14120K, reserved 1048576K
}

