# JRE version: OpenJDK Runtime Environment (8.0_242-b01) (build 1.8.0_242-release-1644-b01)
# Java VM: OpenJDK 64-Bit Server VM (25.242-b01 mixed mode windows-amd64 compressed oops)
Heap:
 PSYoungGen      total 141824K, used 107648K [0x00000000d5580000, 0x00000000dec80000, 0x0000000100000000)
  eden space 131072K, 82% used [0x00000000d5580000,0x00000000dbea02e0,0x00000000dd580000)
  from space 10752K, 0% used [0x00000000de200000,0x00000000de200000,0x00000000dec80000)
  to   space 11776K, 0% used [0x00000000dd580000,0x00000000dd580000,0x00000000de100000)
 ParOldGen       total 52736K, used 7083K [0x0000000080000000, 0x0000000083380000, 0x00000000d5580000)
  object space 52736K, 13% used [0x0000000080000000,0x00000000806ead58,0x0000000083380000)
 Metaspace       used 31388K, capacity 32154K, committed 32432K, reserved 1077248K
  class space    used 4273K, capacity 4504K, committed 4528K, reserved 1048576K
GC Heap History (10 events):
Event: 1.307 GC heap before
{Heap before GC invocations=3 (full 0):
 PSYoungGen      total 37888K, used 36225K [0x00000000d5580000, 0x00000000d9f80000, 0x0000000100000000)
  eden space 32768K, 100% used [0x00000000d5580000,0x00000000d7580000,0x00000000d7580000)
  from space 5120K, 67% used [0x00000000d7a80000,0x00000000d7de0598,0x00000000d7f80000)
  to   space 5120K, 0% used [0x00000000d7580000,0x00000000d7580000,0x00000000d7a80000)
 ParOldGen       total 86016K, used 24K [0x0000000080000000, 0x0000000085400000, 0x00000000d5580000)
  object space 86016K, 0% used [0x0000000080000000,0x0000000080006000,0x0000000085400000)
 Metaspace       used 12117K, capacity 12432K, committed 12544K, reserved 1060864K
  class space    used 1610K, capacity 1734K, committed 1792K, reserved 1048576K
Event: 1.317 GC heap after
Heap after GC invocations=3 (full 0):
 PSYoungGen      total 37888K, used 5120K [0x00000000d5580000, 0x00000000d9f80000, 0x0000000100000000)
  eden space 32768K, 0% used [0x00000000d5580000,0x00000000d5580000,0x00000000d7580000)
  from space 5120K, 100% used [0x00000000d7580000,0x00000000d7a80000,0x00000000d7a80000)
  to   space 5120K, 0% used [0x00000000d9a80000,0x00000000d9a80000,0x00000000d9f80000)
 ParOldGen       total 86016K, used 1105K [0x0000000080000000, 0x0000000085400000, 0x00000000d5580000)
  object space 86016K, 1% used [0x0000000080000000,0x0000000080114648,0x0000000085400000)
 Metaspace       used 12117K, capacity 12432K, committed 12544K, reserved 1060864K
  class space    used 1610K, capacity 1734K, committed 1792K, reserved 1048576K
}
Event: 1.600 GC heap before
{Heap before GC invocations=4 (full 0):
 PSYoungGen      total 37888K, used 37888K [0x00000000d5580000, 0x00000000d9f80000, 0x0000000100000000)
  eden space 32768K, 100% used [0x00000000d5580000,0x00000000d7580000,0x00000000d7580000)
  from space 5120K, 100% used [0x00000000d7580000,0x00000000d7a80000,0x00000000d7a80000)
  to   space 5120K, 0% used [0x00000000d9a80000,0x00000000d9a80000,0x00000000d9f80000)
 ParOldGen       total 86016K, used 1105K [0x0000000080000000, 0x0000000085400000, 0x00000000d5580000)
  object space 86016K, 1% used [0x0000000080000000,0x0000000080114648,0x0000000085400000)
 Metaspace       used 15346K, capacity 15800K, committed 16128K, reserved 1062912K
  class space    used 2046K, capacity 2190K, committed 2304K, reserved 1048576K
Event: 1.607 GC heap after
Heap after GC invocations=4 (full 0):
 PSYoungGen      total 70656K, used 5088K [0x00000000d5580000, 0x00000000d9f80000, 0x0000000100000000)
  eden space 65536K, 0% used [0x00000000d5580000,0x00000000d5580000,0x00000000d9580000)
  from space 5120K, 99% used [0x00000000d9a80000,0x00000000d9f78040,0x00000000d9f80000)
  to   space 5120K, 0% used [0x00000000d9580000,0x00000000d9580000,0x00000000d9a80000)
 ParOldGen       total 86016K, used 3739K [0x0000000080000000, 0x0000000085400000, 0x00000000d5580000)
  object space 86016K, 4% used [0x0000000080000000,0x00000000803a6e68,0x0000000085400000)
 Metaspace       used 15346K, capacity 15800K, committed 16128K, reserved 1062912K
  class space    used 2046K, capacity 2190K, committed 2304K, reserved 1048576K
}
Event: 2.449 GC heap before
{Heap before GC invocations=5 (full 0):
 PSYoungGen      total 70656K, used 70624K [0x00000000d5580000, 0x00000000d9f80000, 0x0000000100000000)
  eden space 65536K, 100% used [0x00000000d5580000,0x00000000d9580000,0x00000000d9580000)
  from space 5120K, 99% used [0x00000000d9a80000,0x00000000d9f78040,0x00000000d9f80000)
  to   space 5120K, 0% used [0x00000000d9580000,0x00000000d9580000,0x00000000d9a80000)
 ParOldGen       total 86016K, used 3739K [0x0000000080000000, 0x0000000085400000, 0x00000000d5580000)
  object space 86016K, 4% used [0x0000000080000000,0x00000000803a6e68,0x0000000085400000)
 Metaspace       used 20539K, capacity 21236K, committed 21296K, reserved 1067008K
  class space    used 2874K, capacity 3088K, committed 3120K, reserved 1048576K
Event: 2.466 GC heap after
Heap after GC invocations=5 (full 0):
 PSYoungGen      total 70656K, used 5108K [0x00000000d5580000, 0x00000000dee80000, 0x0000000100000000)
  eden space 65536K, 0% used [0x00000000d5580000,0x00000000d5580000,0x00000000d9580000)
  from space 5120K, 99% used [0x00000000d9580000,0x00000000d9a7d060,0x00000000d9a80000)
  to   space 12800K, 0% used [0x00000000de200000,0x00000000de200000,0x00000000dee80000)
 ParOldGen       total 86016K, used 10409K [0x0000000080000000, 0x0000000085400000, 0x00000000d5580000)
  object space 86016K, 12% used [0x0000000080000000,0x0000000080a2a4b8,0x0000000085400000)
 Metaspace       used 20539K, capacity 21236K, committed 21296K, reserved 1067008K
  class space    used 2874K, capacity 3088K, committed 3120K, reserved 1048576K
}
Event: 2.489 GC heap before
{Heap before GC invocations=6 (full 0):
 PSYoungGen      total 70656K, used 8685K [0x00000000d5580000, 0x00000000dee80000, 0x0000000100000000)
  eden space 65536K, 5% used [0x00000000d5580000,0x00000000d58fe5d8,0x00000000d9580000)
  from space 5120K, 99% used [0x00000000d9580000,0x00000000d9a7d060,0x00000000d9a80000)
  to   space 12800K, 0% used [0x00000000de200000,0x00000000de200000,0x00000000dee80000)
 ParOldGen       total 86016K, used 10409K [0x0000000080000000, 0x0000000085400000, 0x00000000d5580000)
  object space 86016K, 12% used [0x0000000080000000,0x0000000080a2a4b8,0x0000000085400000)
 Metaspace       used 20671K, capacity 21268K, committed 21296K, reserved 1067008K
  class space    used 2897K, capacity 3120K, committed 3120K, reserved 1048576K
Event: 2.496 GC heap after
Heap after GC invocations=6 (full 0):
 PSYoungGen      total 141824K, used 5344K [0x00000000d5580000, 0x00000000dec80000, 0x0000000100000000)
  eden space 131072K, 0% used [0x00000000d5580000,0x00000000d5580000,0x00000000dd580000)
  from space 10752K, 49% used [0x00000000de200000,0x00000000de738050,0x00000000dec80000)
  to   space 11776K, 0% used [0x00000000dd580000,0x00000000dd580000,0x00000000de100000)
 ParOldGen       total 86016K, used 10417K [0x0000000080000000, 0x0000000085400000, 0x00000000d5580000)
  object space 86016K, 12% used [0x0000000080000000,0x0000000080a2c4b8,0x0000000085400000)
 Metaspace       used 20671K, capacity 21268K, committed 21296K, reserved 1067008K
  class space    used 2897K, capacity 3120K, committed 3120K, reserved 1048576K
}
Event: 2.496 GC heap before
{Heap before GC invocations=7 (full 1):
 PSYoungGen      total 141824K, used 5344K [0x00000000d5580000, 0x00000000dec80000, 0x0000000100000000)
  eden space 131072K, 0% used [0x00000000d5580000,0x00000000d5580000,0x00000000dd580000)
  from space 10752K, 49% used [0x00000000de200000,0x00000000de738050,0x00000000dec80000)
  to   space 11776K, 0% used [0x00000000dd580000,0x00000000dd580000,0x00000000de100000)
 ParOldGen       total 86016K, used 10417K [0x0000000080000000, 0x0000000085400000, 0x00000000d5580000)
  object space 86016K, 12% used [0x0000000080000000,0x0000000080a2c4b8,0x0000000085400000)
 Metaspace       used 20671K, capacity 21268K, committed 21296K, reserved 1067008K
  class space    used 2897K, capacity 3120K, committed 3120K, reserved 1048576K
Event: 2.537 GC heap after
Heap after GC invocations=7 (full 1):
 PSYoungGen      total 141824K, used 0K [0x00000000d5580000, 0x00000000dec80000, 0x0000000100000000)
  eden space 131072K, 0% used [0x00000000d5580000,0x00000000d5580000,0x00000000dd580000)
  from space 10752K, 0% used [0x00000000de200000,0x00000000de200000,0x00000000dec80000)
  to   space 11776K, 0% used [0x00000000dd580000,0x00000000dd580000,0x00000000de100000)
 ParOldGen       total 52736K, used 7083K [0x0000000080000000, 0x0000000083380000, 0x00000000d5580000)
  object space 52736K, 13% used [0x0000000080000000,0x00000000806ead58,0x0000000083380000)
 Metaspace       used 20671K, capacity 21268K, committed 21296K, reserved 1067008K
  class space    used 2897K, capacity 3120K, committed 3120K, reserved 1048576K
}

